{"/Users/mattmarotta/Documents/ObsidianVaults/testVault/.obsidian/plugins/obsidian-inline-link-preview/docs/archived/tests/stubs-old/obsidian.ts": {"path":"/Users/mattmarotta/Documents/ObsidianVaults/testVault/.obsidian/plugins/obsidian-inline-link-preview/docs/archived/tests/stubs-old/obsidian.ts","all":true,"statementMap":{"16":{"start":{"line":17,"column":0},"end":{"line":17,"column":49}},"18":{"start":{"line":19,"column":0},"end":{"line":19,"column":72}},"19":{"start":{"line":20,"column":0},"end":{"line":20,"column":23}},"20":{"start":{"line":21,"column":0},"end":{"line":21,"column":1}},"22":{"start":{"line":23,"column":0},"end":{"line":23,"column":89}},"23":{"start":{"line":24,"column":0},"end":{"line":24,"column":23}},"24":{"start":{"line":25,"column":0},"end":{"line":25,"column":53}},"25":{"start":{"line":26,"column":0},"end":{"line":26,"column":2}},"26":{"start":{"line":27,"column":0},"end":{"line":27,"column":37}},"27":{"start":{"line":28,"column":0},"end":{"line":28,"column":1}},"29":{"start":{"line":30,"column":0},"end":{"line":30,"column":21}},"33":{"start":{"line":34,"column":0},"end":{"line":34,"column":31}},"34":{"start":{"line":35,"column":0},"end":{"line":35,"column":25}},"35":{"start":{"line":36,"column":0},"end":{"line":36,"column":2}},"36":{"start":{"line":37,"column":0},"end":{"line":37,"column":1}}},"s":{"16":0,"18":0,"19":0,"20":0,"22":0,"23":0,"24":0,"25":0,"26":0,"27":0,"29":0,"33":0,"34":0,"35":0,"36":0},"branchMap":{"0":{"type":"branch","line":1,"loc":{"start":{"line":1,"column":917},"end":{"line":37,"column":1}},"locations":[{"start":{"line":1,"column":917},"end":{"line":37,"column":1}}]}},"b":{"0":[1]},"fnMap":{"0":{"name":"(empty-report)","decl":{"start":{"line":1,"column":917},"end":{"line":37,"column":1}},"loc":{"start":{"line":1,"column":917},"end":{"line":37,"column":1}},"line":1}},"f":{"0":1}}
,"/Users/mattmarotta/Documents/ObsidianVaults/testVault/.obsidian/plugins/obsidian-inline-link-preview/src/main.ts": {"path":"/Users/mattmarotta/Documents/ObsidianVaults/testVault/.obsidian/plugins/obsidian-inline-link-preview/src/main.ts","all":true,"statementMap":{"0":{"start":{"line":1,"column":0},"end":{"line":1,"column":34}},"1":{"start":{"line":2,"column":0},"end":{"line":2,"column":126}},"2":{"start":{"line":3,"column":0},"end":{"line":3,"column":102}},"3":{"start":{"line":4,"column":0},"end":{"line":4,"column":67}},"4":{"start":{"line":5,"column":0},"end":{"line":5,"column":55}},"6":{"start":{"line":7,"column":0},"end":{"line":7,"column":61}},"7":{"start":{"line":8,"column":0},"end":{"line":8,"column":56}},"11":{"start":{"line":12,"column":0},"end":{"line":12,"column":32}},"12":{"start":{"line":13,"column":0},"end":{"line":13,"column":28}},"13":{"start":{"line":14,"column":0},"end":{"line":14,"column":35}},"15":{"start":{"line":16,"column":0},"end":{"line":16,"column":27}},"16":{"start":{"line":17,"column":0},"end":{"line":17,"column":30}},"18":{"start":{"line":19,"column":0},"end":{"line":19,"column":112}},"19":{"start":{"line":20,"column":0},"end":{"line":20,"column":32}},"20":{"start":{"line":21,"column":0},"end":{"line":21,"column":74}},"21":{"start":{"line":22,"column":0},"end":{"line":22,"column":5}},"23":{"start":{"line":24,"column":0},"end":{"line":24,"column":70}},"24":{"start":{"line":25,"column":0},"end":{"line":25,"column":2}},"26":{"start":{"line":27,"column":0},"end":{"line":27,"column":34}},"27":{"start":{"line":28,"column":0},"end":{"line":28,"column":49}},"28":{"start":{"line":29,"column":0},"end":{"line":29,"column":26}},"29":{"start":{"line":30,"column":0},"end":{"line":30,"column":35}},"31":{"start":{"line":32,"column":0},"end":{"line":32,"column":2}},"33":{"start":{"line":34,"column":0},"end":{"line":34,"column":38}},"34":{"start":{"line":35,"column":0},"end":{"line":35,"column":77}},"35":{"start":{"line":36,"column":0},"end":{"line":36,"column":27}},"36":{"start":{"line":37,"column":0},"end":{"line":37,"column":2}},"38":{"start":{"line":39,"column":0},"end":{"line":39,"column":38}},"39":{"start":{"line":40,"column":0},"end":{"line":40,"column":27}},"40":{"start":{"line":41,"column":0},"end":{"line":41,"column":37}},"41":{"start":{"line":42,"column":0},"end":{"line":42,"column":41}},"42":{"start":{"line":43,"column":0},"end":{"line":43,"column":52}},"43":{"start":{"line":44,"column":0},"end":{"line":44,"column":5}},"44":{"start":{"line":45,"column":0},"end":{"line":45,"column":56}},"45":{"start":{"line":46,"column":0},"end":{"line":46,"column":2}},"47":{"start":{"line":48,"column":0},"end":{"line":48,"column":31}},"48":{"start":{"line":49,"column":0},"end":{"line":49,"column":20}},"50":{"start":{"line":51,"column":0},"end":{"line":51,"column":43}},"51":{"start":{"line":52,"column":0},"end":{"line":52,"column":15}},"52":{"start":{"line":53,"column":0},"end":{"line":53,"column":26}},"53":{"start":{"line":54,"column":0},"end":{"line":54,"column":10}},"54":{"start":{"line":55,"column":0},"end":{"line":55,"column":17}},"55":{"start":{"line":56,"column":0},"end":{"line":56,"column":45}},"56":{"start":{"line":57,"column":0},"end":{"line":57,"column":10}},"57":{"start":{"line":58,"column":0},"end":{"line":58,"column":15}},"58":{"start":{"line":59,"column":0},"end":{"line":59,"column":11}},"59":{"start":{"line":60,"column":0},"end":{"line":60,"column":48}},"60":{"start":{"line":61,"column":0},"end":{"line":61,"column":10}},"63":{"start":{"line":64,"column":0},"end":{"line":64,"column":24}},"64":{"start":{"line":65,"column":0},"end":{"line":65,"column":75}},"65":{"start":{"line":66,"column":0},"end":{"line":66,"column":2}},"67":{"start":{"line":68,"column":0},"end":{"line":68,"column":29}},"68":{"start":{"line":69,"column":0},"end":{"line":69,"column":61}},"69":{"start":{"line":70,"column":0},"end":{"line":70,"column":55}},"70":{"start":{"line":71,"column":0},"end":{"line":71,"column":49}},"71":{"start":{"line":72,"column":0},"end":{"line":72,"column":48}},"72":{"start":{"line":73,"column":0},"end":{"line":73,"column":34}},"73":{"start":{"line":74,"column":0},"end":{"line":74,"column":31}},"75":{"start":{"line":76,"column":0},"end":{"line":76,"column":13}},"76":{"start":{"line":77,"column":0},"end":{"line":77,"column":61}},"77":{"start":{"line":78,"column":0},"end":{"line":78,"column":18}},"78":{"start":{"line":79,"column":0},"end":{"line":79,"column":16}},"79":{"start":{"line":80,"column":0},"end":{"line":80,"column":39}},"81":{"start":{"line":82,"column":0},"end":{"line":82,"column":8}},"84":{"start":{"line":85,"column":0},"end":{"line":85,"column":5}},"85":{"start":{"line":86,"column":0},"end":{"line":86,"column":2}},"87":{"start":{"line":88,"column":0},"end":{"line":88,"column":53}},"88":{"start":{"line":89,"column":0},"end":{"line":89,"column":29}},"89":{"start":{"line":90,"column":0},"end":{"line":90,"column":39}},"90":{"start":{"line":91,"column":0},"end":{"line":91,"column":25}},"91":{"start":{"line":92,"column":0},"end":{"line":92,"column":32}},"92":{"start":{"line":93,"column":0},"end":{"line":93,"column":4}},"93":{"start":{"line":94,"column":0},"end":{"line":94,"column":33}},"95":{"start":{"line":96,"column":0},"end":{"line":96,"column":36}},"96":{"start":{"line":97,"column":0},"end":{"line":97,"column":52}},"97":{"start":{"line":98,"column":0},"end":{"line":98,"column":52}},"98":{"start":{"line":99,"column":0},"end":{"line":99,"column":20}},"99":{"start":{"line":100,"column":0},"end":{"line":100,"column":71}},"100":{"start":{"line":101,"column":0},"end":{"line":101,"column":2}},"102":{"start":{"line":103,"column":0},"end":{"line":103,"column":36}},"103":{"start":{"line":104,"column":0},"end":{"line":104,"column":64}},"104":{"start":{"line":105,"column":0},"end":{"line":105,"column":66}},"105":{"start":{"line":106,"column":0},"end":{"line":106,"column":65}},"106":{"start":{"line":107,"column":0},"end":{"line":107,"column":36}},"108":{"start":{"line":109,"column":0},"end":{"line":109,"column":68}},"109":{"start":{"line":110,"column":0},"end":{"line":110,"column":70}},"110":{"start":{"line":111,"column":0},"end":{"line":111,"column":66}},"111":{"start":{"line":112,"column":0},"end":{"line":112,"column":38}},"113":{"start":{"line":114,"column":0},"end":{"line":114,"column":64}},"114":{"start":{"line":115,"column":0},"end":{"line":115,"column":66}},"115":{"start":{"line":116,"column":0},"end":{"line":116,"column":46}},"116":{"start":{"line":117,"column":0},"end":{"line":117,"column":39}},"118":{"start":{"line":119,"column":0},"end":{"line":119,"column":65}},"119":{"start":{"line":120,"column":0},"end":{"line":120,"column":61}},"120":{"start":{"line":121,"column":0},"end":{"line":121,"column":2}},"121":{"start":{"line":122,"column":0},"end":{"line":122,"column":1}}},"s":{"0":0,"1":0,"2":0,"3":0,"4":0,"6":0,"7":0,"11":0,"12":0,"13":0,"15":0,"16":0,"18":0,"19":0,"20":0,"21":0,"23":0,"24":0,"26":0,"27":0,"28":0,"29":0,"31":0,"33":0,"34":0,"35":0,"36":0,"38":0,"39":0,"40":0,"41":0,"42":0,"43":0,"44":0,"45":0,"47":0,"48":0,"50":0,"51":0,"52":0,"53":0,"54":0,"55":0,"56":0,"57":0,"58":0,"59":0,"60":0,"63":0,"64":0,"65":0,"67":0,"68":0,"69":0,"70":0,"71":0,"72":0,"73":0,"75":0,"76":0,"77":0,"78":0,"79":0,"81":0,"84":0,"85":0,"87":0,"88":0,"89":0,"90":0,"91":0,"92":0,"93":0,"95":0,"96":0,"97":0,"98":0,"99":0,"100":0,"102":0,"103":0,"104":0,"105":0,"106":0,"108":0,"109":0,"110":0,"111":0,"113":0,"114":0,"115":0,"116":0,"118":0,"119":0,"120":0,"121":0},"branchMap":{"0":{"type":"branch","line":1,"loc":{"start":{"line":1,"column":3885},"end":{"line":122,"column":1}},"locations":[{"start":{"line":1,"column":3885},"end":{"line":122,"column":1}}]}},"b":{"0":[0]},"fnMap":{"0":{"name":"(empty-report)","decl":{"start":{"line":1,"column":3885},"end":{"line":122,"column":1}},"loc":{"start":{"line":1,"column":3885},"end":{"line":122,"column":1}},"line":1}},"f":{"0":0}}
,"/Users/mattmarotta/Documents/ObsidianVaults/testVault/.obsidian/plugins/obsidian-inline-link-preview/src/settings.ts": {"path":"/Users/mattmarotta/Documents/ObsidianVaults/testVault/.obsidian/plugins/obsidian-inline-link-preview/src/settings.ts","all":true,"statementMap":{"0":{"start":{"line":1,"column":0},"end":{"line":1,"column":66}},"21":{"start":{"line":22,"column":0},"end":{"line":22,"column":60}},"22":{"start":{"line":23,"column":0},"end":{"line":23,"column":26}},"23":{"start":{"line":24,"column":0},"end":{"line":24,"column":20}},"24":{"start":{"line":25,"column":0},"end":{"line":25,"column":22}},"25":{"start":{"line":26,"column":0},"end":{"line":26,"column":24}},"26":{"start":{"line":27,"column":0},"end":{"line":27,"column":19}},"27":{"start":{"line":28,"column":0},"end":{"line":28,"column":17}},"28":{"start":{"line":29,"column":0},"end":{"line":29,"column":24}},"29":{"start":{"line":30,"column":0},"end":{"line":30,"column":22}},"30":{"start":{"line":31,"column":0},"end":{"line":31,"column":26}},"31":{"start":{"line":32,"column":0},"end":{"line":32,"column":31}},"32":{"start":{"line":33,"column":0},"end":{"line":33,"column":29}},"33":{"start":{"line":34,"column":0},"end":{"line":34,"column":2}},"35":{"start":{"line":36,"column":0},"end":{"line":36,"column":67}},"38":{"start":{"line":39,"column":0},"end":{"line":39,"column":57}},"39":{"start":{"line":40,"column":0},"end":{"line":40,"column":21}},"40":{"start":{"line":41,"column":0},"end":{"line":41,"column":23}},"41":{"start":{"line":42,"column":0},"end":{"line":42,"column":2}},"43":{"start":{"line":44,"column":0},"end":{"line":44,"column":39}},"44":{"start":{"line":45,"column":0},"end":{"line":45,"column":40}},"45":{"start":{"line":46,"column":0},"end":{"line":46,"column":20}},"47":{"start":{"line":48,"column":0},"end":{"line":48,"column":38}},"48":{"start":{"line":49,"column":0},"end":{"line":49,"column":15}},"49":{"start":{"line":50,"column":0},"end":{"line":50,"column":26}},"50":{"start":{"line":51,"column":0},"end":{"line":51,"column":10}},"51":{"start":{"line":52,"column":0},"end":{"line":52,"column":17}},"52":{"start":{"line":53,"column":0},"end":{"line":53,"column":40}},"53":{"start":{"line":54,"column":0},"end":{"line":54,"column":10}},"54":{"start":{"line":55,"column":0},"end":{"line":55,"column":15}},"55":{"start":{"line":56,"column":0},"end":{"line":56,"column":11}},"56":{"start":{"line":57,"column":0},"end":{"line":57,"column":48}},"57":{"start":{"line":58,"column":0},"end":{"line":58,"column":10}},"58":{"start":{"line":59,"column":0},"end":{"line":59,"column":3}},"61":{"start":{"line":62,"column":0},"end":{"line":62,"column":75}},"62":{"start":{"line":63,"column":0},"end":{"line":63,"column":2}},"64":{"start":{"line":65,"column":0},"end":{"line":65,"column":18}},"65":{"start":{"line":66,"column":0},"end":{"line":66,"column":31}},"66":{"start":{"line":67,"column":0},"end":{"line":67,"column":40}},"68":{"start":{"line":69,"column":0},"end":{"line":69,"column":22}},"69":{"start":{"line":70,"column":0},"end":{"line":70,"column":62}},"72":{"start":{"line":73,"column":0},"end":{"line":73,"column":30}},"74":{"start":{"line":75,"column":0},"end":{"line":75,"column":61}},"76":{"start":{"line":77,"column":0},"end":{"line":77,"column":26}},"77":{"start":{"line":78,"column":0},"end":{"line":78,"column":28}},"78":{"start":{"line":79,"column":0},"end":{"line":79,"column":75}},"79":{"start":{"line":80,"column":0},"end":{"line":80,"column":29}},"80":{"start":{"line":81,"column":0},"end":{"line":81,"column":12}},"81":{"start":{"line":82,"column":0},"end":{"line":82,"column":58}},"82":{"start":{"line":83,"column":0},"end":{"line":83,"column":72}},"83":{"start":{"line":84,"column":0},"end":{"line":84,"column":37}},"84":{"start":{"line":85,"column":0},"end":{"line":85,"column":33}},"85":{"start":{"line":86,"column":0},"end":{"line":86,"column":64}},"86":{"start":{"line":87,"column":0},"end":{"line":87,"column":39}},"88":{"start":{"line":89,"column":0},"end":{"line":89,"column":39}},"89":{"start":{"line":90,"column":0},"end":{"line":90,"column":8}},"90":{"start":{"line":91,"column":0},"end":{"line":91,"column":5}},"92":{"start":{"line":93,"column":0},"end":{"line":93,"column":26}},"93":{"start":{"line":94,"column":0},"end":{"line":94,"column":27}},"94":{"start":{"line":95,"column":0},"end":{"line":95,"column":181}},"95":{"start":{"line":96,"column":0},"end":{"line":96,"column":29}},"96":{"start":{"line":97,"column":0},"end":{"line":97,"column":12}},"97":{"start":{"line":98,"column":0},"end":{"line":98,"column":65}},"98":{"start":{"line":99,"column":0},"end":{"line":99,"column":62}},"99":{"start":{"line":100,"column":0},"end":{"line":100,"column":36}},"100":{"start":{"line":101,"column":0},"end":{"line":101,"column":33}},"101":{"start":{"line":102,"column":0},"end":{"line":102,"column":62}},"102":{"start":{"line":103,"column":0},"end":{"line":103,"column":39}},"104":{"start":{"line":105,"column":0},"end":{"line":105,"column":39}},"105":{"start":{"line":106,"column":0},"end":{"line":106,"column":8}},"106":{"start":{"line":107,"column":0},"end":{"line":107,"column":5}},"108":{"start":{"line":109,"column":0},"end":{"line":109,"column":26}},"109":{"start":{"line":110,"column":0},"end":{"line":110,"column":39}},"110":{"start":{"line":111,"column":0},"end":{"line":111,"column":73}},"111":{"start":{"line":112,"column":0},"end":{"line":112,"column":29}},"112":{"start":{"line":113,"column":0},"end":{"line":113,"column":12}},"113":{"start":{"line":114,"column":0},"end":{"line":114,"column":45}},"114":{"start":{"line":115,"column":0},"end":{"line":115,"column":41}},"115":{"start":{"line":116,"column":0},"end":{"line":116,"column":41}},"116":{"start":{"line":117,"column":0},"end":{"line":117,"column":41}},"117":{"start":{"line":118,"column":0},"end":{"line":118,"column":33}},"118":{"start":{"line":119,"column":0},"end":{"line":119,"column":72}},"119":{"start":{"line":120,"column":0},"end":{"line":120,"column":39}},"120":{"start":{"line":121,"column":0},"end":{"line":121,"column":34}},"121":{"start":{"line":122,"column":0},"end":{"line":122,"column":58}},"122":{"start":{"line":123,"column":0},"end":{"line":123,"column":8}},"123":{"start":{"line":124,"column":0},"end":{"line":124,"column":5}},"126":{"start":{"line":127,"column":0},"end":{"line":127,"column":47}},"127":{"start":{"line":128,"column":0},"end":{"line":128,"column":27}},"128":{"start":{"line":129,"column":0},"end":{"line":129,"column":36}},"129":{"start":{"line":130,"column":0},"end":{"line":130,"column":79}},"130":{"start":{"line":131,"column":0},"end":{"line":131,"column":30}},"131":{"start":{"line":132,"column":0},"end":{"line":132,"column":10}},"132":{"start":{"line":133,"column":0},"end":{"line":133,"column":44}},"133":{"start":{"line":134,"column":0},"end":{"line":134,"column":34}},"134":{"start":{"line":135,"column":0},"end":{"line":135,"column":55}},"135":{"start":{"line":136,"column":0},"end":{"line":136,"column":40}},"136":{"start":{"line":137,"column":0},"end":{"line":137,"column":35}},"137":{"start":{"line":138,"column":0},"end":{"line":138,"column":9}},"138":{"start":{"line":139,"column":0},"end":{"line":139,"column":6}},"139":{"start":{"line":140,"column":0},"end":{"line":140,"column":3}},"141":{"start":{"line":142,"column":0},"end":{"line":142,"column":58}},"143":{"start":{"line":144,"column":0},"end":{"line":144,"column":26}},"144":{"start":{"line":145,"column":0},"end":{"line":145,"column":34}},"145":{"start":{"line":146,"column":0},"end":{"line":146,"column":78}},"146":{"start":{"line":147,"column":0},"end":{"line":147,"column":25}},"147":{"start":{"line":148,"column":0},"end":{"line":148,"column":10}},"148":{"start":{"line":149,"column":0},"end":{"line":149,"column":43}},"149":{"start":{"line":150,"column":0},"end":{"line":150,"column":33}},"150":{"start":{"line":151,"column":0},"end":{"line":151,"column":54}},"151":{"start":{"line":152,"column":0},"end":{"line":152,"column":39}},"153":{"start":{"line":154,"column":0},"end":{"line":154,"column":39}},"154":{"start":{"line":155,"column":0},"end":{"line":155,"column":8}},"155":{"start":{"line":156,"column":0},"end":{"line":156,"column":5}},"157":{"start":{"line":158,"column":0},"end":{"line":158,"column":26}},"158":{"start":{"line":159,"column":0},"end":{"line":159,"column":34}},"159":{"start":{"line":160,"column":0},"end":{"line":160,"column":153}},"160":{"start":{"line":161,"column":0},"end":{"line":161,"column":23}},"161":{"start":{"line":162,"column":0},"end":{"line":162,"column":50}},"162":{"start":{"line":163,"column":0},"end":{"line":163,"column":33}},"163":{"start":{"line":164,"column":0},"end":{"line":164,"column":29}},"164":{"start":{"line":165,"column":0},"end":{"line":165,"column":30}},"165":{"start":{"line":166,"column":0},"end":{"line":166,"column":36}},"166":{"start":{"line":167,"column":0},"end":{"line":167,"column":34}},"167":{"start":{"line":168,"column":0},"end":{"line":168,"column":52}},"168":{"start":{"line":169,"column":0},"end":{"line":169,"column":13}},"169":{"start":{"line":170,"column":0},"end":{"line":170,"column":6}},"170":{"start":{"line":171,"column":0},"end":{"line":171,"column":61}},"171":{"start":{"line":172,"column":0},"end":{"line":172,"column":38}},"173":{"start":{"line":174,"column":0},"end":{"line":174,"column":38}},"174":{"start":{"line":175,"column":0},"end":{"line":175,"column":7}},"175":{"start":{"line":176,"column":0},"end":{"line":176,"column":6}},"177":{"start":{"line":178,"column":0},"end":{"line":178,"column":26}},"178":{"start":{"line":179,"column":0},"end":{"line":179,"column":36}},"179":{"start":{"line":180,"column":0},"end":{"line":180,"column":148}},"180":{"start":{"line":181,"column":0},"end":{"line":181,"column":23}},"181":{"start":{"line":182,"column":0},"end":{"line":182,"column":52}},"182":{"start":{"line":183,"column":0},"end":{"line":183,"column":33}},"183":{"start":{"line":184,"column":0},"end":{"line":184,"column":28}},"184":{"start":{"line":185,"column":0},"end":{"line":185,"column":30}},"185":{"start":{"line":186,"column":0},"end":{"line":186,"column":36}},"186":{"start":{"line":187,"column":0},"end":{"line":187,"column":34}},"187":{"start":{"line":188,"column":0},"end":{"line":188,"column":51}},"188":{"start":{"line":189,"column":0},"end":{"line":189,"column":13}},"189":{"start":{"line":190,"column":0},"end":{"line":190,"column":6}},"190":{"start":{"line":191,"column":0},"end":{"line":191,"column":63}},"191":{"start":{"line":192,"column":0},"end":{"line":192,"column":38}},"193":{"start":{"line":194,"column":0},"end":{"line":194,"column":38}},"194":{"start":{"line":195,"column":0},"end":{"line":195,"column":7}},"195":{"start":{"line":196,"column":0},"end":{"line":196,"column":6}},"197":{"start":{"line":198,"column":0},"end":{"line":198,"column":26}},"198":{"start":{"line":199,"column":0},"end":{"line":199,"column":28}},"199":{"start":{"line":200,"column":0},"end":{"line":200,"column":64}},"200":{"start":{"line":201,"column":0},"end":{"line":201,"column":25}},"201":{"start":{"line":202,"column":0},"end":{"line":202,"column":10}},"202":{"start":{"line":203,"column":0},"end":{"line":203,"column":36}},"203":{"start":{"line":204,"column":0},"end":{"line":204,"column":33}},"204":{"start":{"line":205,"column":0},"end":{"line":205,"column":47}},"205":{"start":{"line":206,"column":0},"end":{"line":206,"column":39}},"207":{"start":{"line":208,"column":0},"end":{"line":208,"column":39}},"208":{"start":{"line":209,"column":0},"end":{"line":209,"column":8}},"209":{"start":{"line":210,"column":0},"end":{"line":210,"column":5}},"211":{"start":{"line":212,"column":0},"end":{"line":212,"column":26}},"212":{"start":{"line":213,"column":0},"end":{"line":213,"column":25}},"213":{"start":{"line":214,"column":0},"end":{"line":214,"column":83}},"214":{"start":{"line":215,"column":0},"end":{"line":215,"column":25}},"215":{"start":{"line":216,"column":0},"end":{"line":216,"column":10}},"216":{"start":{"line":217,"column":0},"end":{"line":217,"column":34}},"217":{"start":{"line":218,"column":0},"end":{"line":218,"column":33}},"218":{"start":{"line":219,"column":0},"end":{"line":219,"column":45}},"219":{"start":{"line":220,"column":0},"end":{"line":220,"column":39}},"220":{"start":{"line":221,"column":0},"end":{"line":221,"column":8}},"221":{"start":{"line":222,"column":0},"end":{"line":222,"column":5}},"223":{"start":{"line":224,"column":0},"end":{"line":224,"column":26}},"224":{"start":{"line":225,"column":0},"end":{"line":225,"column":34}},"225":{"start":{"line":226,"column":0},"end":{"line":226,"column":202}},"226":{"start":{"line":227,"column":0},"end":{"line":227,"column":25}},"227":{"start":{"line":228,"column":0},"end":{"line":228,"column":10}},"228":{"start":{"line":229,"column":0},"end":{"line":229,"column":46}},"229":{"start":{"line":230,"column":0},"end":{"line":230,"column":33}},"230":{"start":{"line":231,"column":0},"end":{"line":231,"column":57}},"231":{"start":{"line":232,"column":0},"end":{"line":232,"column":39}},"233":{"start":{"line":234,"column":0},"end":{"line":234,"column":50}},"235":{"start":{"line":236,"column":0},"end":{"line":236,"column":39}},"236":{"start":{"line":237,"column":0},"end":{"line":237,"column":8}},"237":{"start":{"line":238,"column":0},"end":{"line":238,"column":5}},"239":{"start":{"line":240,"column":0},"end":{"line":240,"column":26}},"240":{"start":{"line":241,"column":0},"end":{"line":241,"column":30}},"241":{"start":{"line":242,"column":0},"end":{"line":242,"column":83}},"242":{"start":{"line":243,"column":0},"end":{"line":243,"column":23}},"243":{"start":{"line":244,"column":0},"end":{"line":244,"column":53}},"244":{"start":{"line":245,"column":0},"end":{"line":245,"column":33}},"245":{"start":{"line":246,"column":0},"end":{"line":246,"column":30}},"246":{"start":{"line":247,"column":0},"end":{"line":247,"column":30}},"247":{"start":{"line":248,"column":0},"end":{"line":248,"column":36}},"248":{"start":{"line":249,"column":0},"end":{"line":249,"column":34}},"249":{"start":{"line":250,"column":0},"end":{"line":250,"column":52}},"250":{"start":{"line":251,"column":0},"end":{"line":251,"column":65}},"251":{"start":{"line":252,"column":0},"end":{"line":252,"column":39}},"252":{"start":{"line":253,"column":0},"end":{"line":253,"column":6}},"253":{"start":{"line":254,"column":0},"end":{"line":254,"column":7}},"254":{"start":{"line":255,"column":0},"end":{"line":255,"column":6}},"256":{"start":{"line":257,"column":0},"end":{"line":257,"column":59}},"259":{"start":{"line":260,"column":0},"end":{"line":260,"column":53}},"260":{"start":{"line":261,"column":0},"end":{"line":261,"column":14}},"261":{"start":{"line":262,"column":0},"end":{"line":262,"column":78}},"262":{"start":{"line":263,"column":0},"end":{"line":263,"column":38}},"263":{"start":{"line":264,"column":0},"end":{"line":264,"column":35}},"264":{"start":{"line":265,"column":0},"end":{"line":265,"column":60}},"265":{"start":{"line":266,"column":0},"end":{"line":266,"column":38}},"267":{"start":{"line":268,"column":0},"end":{"line":268,"column":24}},"269":{"start":{"line":270,"column":0},"end":{"line":270,"column":42}},"270":{"start":{"line":271,"column":0},"end":{"line":271,"column":111}},"273":{"start":{"line":274,"column":0},"end":{"line":274,"column":3}},"275":{"start":{"line":276,"column":0},"end":{"line":276,"column":26}},"276":{"start":{"line":277,"column":0},"end":{"line":277,"column":36}},"277":{"start":{"line":278,"column":0},"end":{"line":278,"column":190}},"278":{"start":{"line":279,"column":0},"end":{"line":279,"column":25}},"279":{"start":{"line":280,"column":0},"end":{"line":280,"column":10}},"280":{"start":{"line":281,"column":0},"end":{"line":281,"column":34}},"281":{"start":{"line":282,"column":0},"end":{"line":282,"column":18}},"282":{"start":{"line":283,"column":0},"end":{"line":283,"column":27}},"283":{"start":{"line":284,"column":0},"end":{"line":284,"column":50}},"284":{"start":{"line":285,"column":0},"end":{"line":285,"column":37}},"285":{"start":{"line":286,"column":0},"end":{"line":286,"column":40}},"286":{"start":{"line":287,"column":0},"end":{"line":287,"column":46}},"287":{"start":{"line":288,"column":0},"end":{"line":288,"column":7}},"288":{"start":{"line":289,"column":0},"end":{"line":289,"column":55}},"290":{"start":{"line":291,"column":0},"end":{"line":291,"column":21}},"291":{"start":{"line":292,"column":0},"end":{"line":292,"column":8}},"292":{"start":{"line":293,"column":0},"end":{"line":293,"column":5}},"293":{"start":{"line":294,"column":0},"end":{"line":294,"column":2}},"294":{"start":{"line":295,"column":0},"end":{"line":295,"column":1}}},"s":{"0":0,"21":0,"22":0,"23":0,"24":0,"25":0,"26":0,"27":0,"28":0,"29":0,"30":0,"31":0,"32":0,"33":0,"35":0,"38":0,"39":0,"40":0,"41":0,"43":0,"44":0,"45":0,"47":0,"48":0,"49":0,"50":0,"51":0,"52":0,"53":0,"54":0,"55":0,"56":0,"57":0,"58":0,"61":0,"62":0,"64":0,"65":0,"66":0,"68":0,"69":0,"72":0,"74":0,"76":0,"77":0,"78":0,"79":0,"80":0,"81":0,"82":0,"83":0,"84":0,"85":0,"86":0,"88":0,"89":0,"90":0,"92":0,"93":0,"94":0,"95":0,"96":0,"97":0,"98":0,"99":0,"100":0,"101":0,"102":0,"104":0,"105":0,"106":0,"108":0,"109":0,"110":0,"111":0,"112":0,"113":0,"114":0,"115":0,"116":0,"117":0,"118":0,"119":0,"120":0,"121":0,"122":0,"123":0,"126":0,"127":0,"128":0,"129":0,"130":0,"131":0,"132":0,"133":0,"134":0,"135":0,"136":0,"137":0,"138":0,"139":0,"141":0,"143":0,"144":0,"145":0,"146":0,"147":0,"148":0,"149":0,"150":0,"151":0,"153":0,"154":0,"155":0,"157":0,"158":0,"159":0,"160":0,"161":0,"162":0,"163":0,"164":0,"165":0,"166":0,"167":0,"168":0,"169":0,"170":0,"171":0,"173":0,"174":0,"175":0,"177":0,"178":0,"179":0,"180":0,"181":0,"182":0,"183":0,"184":0,"185":0,"186":0,"187":0,"188":0,"189":0,"190":0,"191":0,"193":0,"194":0,"195":0,"197":0,"198":0,"199":0,"200":0,"201":0,"202":0,"203":0,"204":0,"205":0,"207":0,"208":0,"209":0,"211":0,"212":0,"213":0,"214":0,"215":0,"216":0,"217":0,"218":0,"219":0,"220":0,"221":0,"223":0,"224":0,"225":0,"226":0,"227":0,"228":0,"229":0,"230":0,"231":0,"233":0,"235":0,"236":0,"237":0,"239":0,"240":0,"241":0,"242":0,"243":0,"244":0,"245":0,"246":0,"247":0,"248":0,"249":0,"250":0,"251":0,"252":0,"253":0,"254":0,"256":0,"259":0,"260":0,"261":0,"262":0,"263":0,"264":0,"265":0,"267":0,"269":0,"270":0,"273":0,"275":0,"276":0,"277":0,"278":0,"279":0,"280":0,"281":0,"282":0,"283":0,"284":0,"285":0,"286":0,"287":0,"288":0,"290":0,"291":0,"292":0,"293":0,"294":0},"branchMap":{"0":{"type":"branch","line":1,"loc":{"start":{"line":1,"column":9682},"end":{"line":295,"column":1}},"locations":[{"start":{"line":1,"column":9682},"end":{"line":295,"column":1}}]}},"b":{"0":[0]},"fnMap":{"0":{"name":"(empty-report)","decl":{"start":{"line":1,"column":9682},"end":{"line":295,"column":1}},"loc":{"start":{"line":1,"column":9682},"end":{"line":295,"column":1}},"line":1}},"f":{"0":0}}
,"/Users/mattmarotta/Documents/ObsidianVaults/testVault/.obsidian/plugins/obsidian-inline-link-preview/src/editor/faviconDecorator.ts": {"path":"/Users/mattmarotta/Documents/ObsidianVaults/testVault/.obsidian/plugins/obsidian-inline-link-preview/src/editor/faviconDecorator.ts","all":true,"statementMap":{"0":{"start":{"line":1,"column":0},"end":{"line":1,"column":67}},"1":{"start":{"line":2,"column":0},"end":{"line":2,"column":109}},"2":{"start":{"line":3,"column":0},"end":{"line":3,"column":65}},"7":{"start":{"line":8,"column":0},"end":{"line":8,"column":67}},"9":{"start":{"line":10,"column":0},"end":{"line":10,"column":40}},"10":{"start":{"line":11,"column":0},"end":{"line":11,"column":42}},"11":{"start":{"line":12,"column":0},"end":{"line":12,"column":10}},"12":{"start":{"line":13,"column":0},"end":{"line":13,"column":2}},"14":{"start":{"line":15,"column":0},"end":{"line":15,"column":23}},"15":{"start":{"line":16,"column":0},"end":{"line":16,"column":44}},"16":{"start":{"line":17,"column":0},"end":{"line":17,"column":28}},"17":{"start":{"line":18,"column":0},"end":{"line":18,"column":40}},"18":{"start":{"line":19,"column":0},"end":{"line":19,"column":15}},"19":{"start":{"line":20,"column":0},"end":{"line":20,"column":13}},"20":{"start":{"line":21,"column":0},"end":{"line":21,"column":2}},"22":{"start":{"line":23,"column":0},"end":{"line":23,"column":36}},"23":{"start":{"line":24,"column":0},"end":{"line":24,"column":46}},"24":{"start":{"line":25,"column":0},"end":{"line":25,"column":2}},"26":{"start":{"line":27,"column":0},"end":{"line":27,"column":25}},"27":{"start":{"line":28,"column":0},"end":{"line":28,"column":14}},"28":{"start":{"line":29,"column":0},"end":{"line":29,"column":2}},"29":{"start":{"line":30,"column":0},"end":{"line":30,"column":1}},"31":{"start":{"line":32,"column":0},"end":{"line":32,"column":39}},"32":{"start":{"line":33,"column":0},"end":{"line":33,"column":29}},"33":{"start":{"line":34,"column":0},"end":{"line":34,"column":45}},"34":{"start":{"line":35,"column":0},"end":{"line":35,"column":3}},"35":{"start":{"line":36,"column":0},"end":{"line":36,"column":29}},"36":{"start":{"line":37,"column":0},"end":{"line":37,"column":9}},"38":{"start":{"line":39,"column":0},"end":{"line":39,"column":61}},"39":{"start":{"line":40,"column":0},"end":{"line":40,"column":70}},"41":{"start":{"line":42,"column":0},"end":{"line":42,"column":34}},"42":{"start":{"line":43,"column":0},"end":{"line":43,"column":51}},"43":{"start":{"line":44,"column":0},"end":{"line":44,"column":4}},"45":{"start":{"line":46,"column":0},"end":{"line":46,"column":20}},"46":{"start":{"line":47,"column":0},"end":{"line":47,"column":38}},"47":{"start":{"line":48,"column":0},"end":{"line":48,"column":38}},"48":{"start":{"line":49,"column":0},"end":{"line":49,"column":5}},"49":{"start":{"line":50,"column":0},"end":{"line":50,"column":4}},"51":{"start":{"line":52,"column":0},"end":{"line":52,"column":37}},"53":{"start":{"line":54,"column":0},"end":{"line":54,"column":142}},"54":{"start":{"line":55,"column":0},"end":{"line":55,"column":59}},"55":{"start":{"line":56,"column":0},"end":{"line":56,"column":5}},"56":{"start":{"line":57,"column":0},"end":{"line":57,"column":4}},"58":{"start":{"line":59,"column":0},"end":{"line":59,"column":54}},"59":{"start":{"line":60,"column":0},"end":{"line":60,"column":35}},"60":{"start":{"line":61,"column":0},"end":{"line":61,"column":32}},"61":{"start":{"line":62,"column":0},"end":{"line":62,"column":28}},"62":{"start":{"line":63,"column":0},"end":{"line":63,"column":5}},"65":{"start":{"line":66,"column":0},"end":{"line":66,"column":67}},"66":{"start":{"line":67,"column":0},"end":{"line":67,"column":25}},"67":{"start":{"line":68,"column":0},"end":{"line":68,"column":28}},"68":{"start":{"line":69,"column":0},"end":{"line":69,"column":5}},"70":{"start":{"line":71,"column":0},"end":{"line":71,"column":54}},"71":{"start":{"line":72,"column":0},"end":{"line":72,"column":31}},"72":{"start":{"line":73,"column":0},"end":{"line":73,"column":32}},"75":{"start":{"line":76,"column":0},"end":{"line":76,"column":54}},"76":{"start":{"line":77,"column":0},"end":{"line":77,"column":14}},"78":{"start":{"line":79,"column":0},"end":{"line":79,"column":53}},"79":{"start":{"line":80,"column":0},"end":{"line":80,"column":26}},"80":{"start":{"line":81,"column":0},"end":{"line":81,"column":35}},"83":{"start":{"line":84,"column":0},"end":{"line":84,"column":67}},"85":{"start":{"line":86,"column":0},"end":{"line":86,"column":51}},"88":{"start":{"line":89,"column":0},"end":{"line":89,"column":75}},"89":{"start":{"line":90,"column":0},"end":{"line":90,"column":39}},"90":{"start":{"line":91,"column":0},"end":{"line":91,"column":41}},"91":{"start":{"line":92,"column":0},"end":{"line":92,"column":41}},"92":{"start":{"line":93,"column":0},"end":{"line":93,"column":52}},"93":{"start":{"line":94,"column":0},"end":{"line":94,"column":17}},"94":{"start":{"line":95,"column":0},"end":{"line":95,"column":10}},"95":{"start":{"line":96,"column":0},"end":{"line":96,"column":49}},"96":{"start":{"line":97,"column":0},"end":{"line":97,"column":7}},"97":{"start":{"line":98,"column":0},"end":{"line":98,"column":6}},"98":{"start":{"line":99,"column":0},"end":{"line":99,"column":5}},"100":{"start":{"line":101,"column":0},"end":{"line":101,"column":28}},"101":{"start":{"line":102,"column":0},"end":{"line":102,"column":4}},"103":{"start":{"line":104,"column":0},"end":{"line":104,"column":80}},"104":{"start":{"line":105,"column":0},"end":{"line":105,"column":39}},"105":{"start":{"line":106,"column":0},"end":{"line":106,"column":12}},"106":{"start":{"line":107,"column":0},"end":{"line":107,"column":5}},"108":{"start":{"line":109,"column":0},"end":{"line":109,"column":57}},"110":{"start":{"line":111,"column":0},"end":{"line":111,"column":39}},"111":{"start":{"line":112,"column":0},"end":{"line":112,"column":39}},"112":{"start":{"line":113,"column":0},"end":{"line":113,"column":6}},"113":{"start":{"line":114,"column":0},"end":{"line":114,"column":44}},"114":{"start":{"line":115,"column":0},"end":{"line":115,"column":53}},"115":{"start":{"line":116,"column":0},"end":{"line":116,"column":28}},"116":{"start":{"line":117,"column":0},"end":{"line":117,"column":32}},"117":{"start":{"line":118,"column":0},"end":{"line":118,"column":12}},"118":{"start":{"line":119,"column":0},"end":{"line":119,"column":20}},"120":{"start":{"line":121,"column":0},"end":{"line":121,"column":22}},"121":{"start":{"line":122,"column":0},"end":{"line":122,"column":37}},"122":{"start":{"line":123,"column":0},"end":{"line":123,"column":7}},"124":{"start":{"line":125,"column":0},"end":{"line":125,"column":42}},"125":{"start":{"line":126,"column":0},"end":{"line":126,"column":4}},"126":{"start":{"line":127,"column":0},"end":{"line":127,"column":4}},"127":{"start":{"line":128,"column":0},"end":{"line":128,"column":3}},"128":{"start":{"line":129,"column":0},"end":{"line":129,"column":37}},"129":{"start":{"line":130,"column":0},"end":{"line":130,"column":3}},"130":{"start":{"line":131,"column":0},"end":{"line":131,"column":3}},"131":{"start":{"line":132,"column":0},"end":{"line":132,"column":1}}},"s":{"0":0,"1":0,"2":0,"7":0,"9":0,"10":0,"11":0,"12":0,"14":0,"15":0,"16":0,"17":0,"18":0,"19":0,"20":0,"22":0,"23":0,"24":0,"26":0,"27":0,"28":0,"29":0,"31":0,"32":0,"33":0,"34":0,"35":0,"36":0,"38":0,"39":0,"41":0,"42":0,"43":0,"45":0,"46":0,"47":0,"48":0,"49":0,"51":0,"53":0,"54":0,"55":0,"56":0,"58":0,"59":0,"60":0,"61":0,"62":0,"65":0,"66":0,"67":0,"68":0,"70":0,"71":0,"72":0,"75":0,"76":0,"78":0,"79":0,"80":0,"83":0,"85":0,"88":0,"89":0,"90":0,"91":0,"92":0,"93":0,"94":0,"95":0,"96":0,"97":0,"98":0,"100":0,"101":0,"103":0,"104":0,"105":0,"106":0,"108":0,"110":0,"111":0,"112":0,"113":0,"114":0,"115":0,"116":0,"117":0,"118":0,"120":0,"121":0,"122":0,"124":0,"125":0,"126":0,"127":0,"128":0,"129":0,"130":0,"131":0},"branchMap":{"0":{"type":"branch","line":1,"loc":{"start":{"line":1,"column":3862},"end":{"line":132,"column":1}},"locations":[{"start":{"line":1,"column":3862},"end":{"line":132,"column":1}}]}},"b":{"0":[0]},"fnMap":{"0":{"name":"(empty-report)","decl":{"start":{"line":1,"column":3862},"end":{"line":132,"column":1}},"loc":{"start":{"line":1,"column":3862},"end":{"line":132,"column":1}},"line":1}},"f":{"0":0}}
,"/Users/mattmarotta/Documents/ObsidianVaults/testVault/.obsidian/plugins/obsidian-inline-link-preview/src/editor/urlPreviewDecorator.ts": {"path":"/Users/mattmarotta/Documents/ObsidianVaults/testVault/.obsidian/plugins/obsidian-inline-link-preview/src/editor/urlPreviewDecorator.ts","all":true,"statementMap":{"0":{"start":{"line":1,"column":0},"end":{"line":1,"column":50}},"1":{"start":{"line":2,"column":0},"end":{"line":2,"column":109}},"2":{"start":{"line":3,"column":0},"end":{"line":3,"column":65}},"3":{"start":{"line":4,"column":0},"end":{"line":4,"column":50}},"6":{"start":{"line":7,"column":0},"end":{"line":7,"column":52}},"9":{"start":{"line":10,"column":0},"end":{"line":10,"column":67}},"11":{"start":{"line":12,"column":0},"end":{"line":12,"column":26}},"13":{"start":{"line":14,"column":0},"end":{"line":14,"column":27}},"14":{"start":{"line":15,"column":0},"end":{"line":15,"column":6}},"15":{"start":{"line":16,"column":0},"end":{"line":16,"column":56}},"16":{"start":{"line":17,"column":0},"end":{"line":17,"column":10}},"18":{"start":{"line":19,"column":0},"end":{"line":19,"column":71}},"19":{"start":{"line":20,"column":0},"end":{"line":20,"column":2}},"20":{"start":{"line":21,"column":0},"end":{"line":21,"column":5}},"22":{"start":{"line":23,"column":0},"end":{"line":23,"column":44}},"23":{"start":{"line":24,"column":0},"end":{"line":24,"column":66}},"24":{"start":{"line":25,"column":0},"end":{"line":25,"column":1}},"40":{"start":{"line":41,"column":0},"end":{"line":41,"column":52}},"41":{"start":{"line":42,"column":0},"end":{"line":42,"column":31}},"44":{"start":{"line":45,"column":0},"end":{"line":45,"column":31}},"45":{"start":{"line":46,"column":0},"end":{"line":46,"column":16}},"46":{"start":{"line":47,"column":0},"end":{"line":47,"column":2}},"49":{"start":{"line":50,"column":0},"end":{"line":50,"column":32}},"50":{"start":{"line":51,"column":0},"end":{"line":51,"column":19}},"51":{"start":{"line":52,"column":0},"end":{"line":52,"column":41}},"52":{"start":{"line":53,"column":0},"end":{"line":53,"column":34}},"53":{"start":{"line":54,"column":0},"end":{"line":54,"column":16}},"54":{"start":{"line":55,"column":0},"end":{"line":55,"column":9}},"55":{"start":{"line":56,"column":0},"end":{"line":56,"column":3}},"56":{"start":{"line":57,"column":0},"end":{"line":57,"column":2}},"58":{"start":{"line":59,"column":0},"end":{"line":59,"column":23}},"59":{"start":{"line":60,"column":0},"end":{"line":60,"column":16}},"60":{"start":{"line":61,"column":0},"end":{"line":61,"column":2}},"63":{"start":{"line":64,"column":0},"end":{"line":64,"column":46}},"66":{"start":{"line":67,"column":0},"end":{"line":67,"column":72}},"68":{"start":{"line":69,"column":0},"end":{"line":69,"column":34}},"70":{"start":{"line":71,"column":0},"end":{"line":71,"column":60}},"71":{"start":{"line":72,"column":0},"end":{"line":72,"column":19}},"72":{"start":{"line":73,"column":0},"end":{"line":73,"column":52}},"73":{"start":{"line":74,"column":0},"end":{"line":74,"column":48}},"74":{"start":{"line":75,"column":0},"end":{"line":75,"column":32}},"75":{"start":{"line":76,"column":0},"end":{"line":76,"column":4}},"76":{"start":{"line":77,"column":0},"end":{"line":77,"column":3}},"79":{"start":{"line":80,"column":0},"end":{"line":80,"column":64}},"80":{"start":{"line":81,"column":0},"end":{"line":81,"column":21}},"81":{"start":{"line":82,"column":0},"end":{"line":82,"column":54}},"82":{"start":{"line":83,"column":0},"end":{"line":83,"column":49}},"83":{"start":{"line":84,"column":0},"end":{"line":84,"column":31}},"84":{"start":{"line":85,"column":0},"end":{"line":85,"column":4}},"85":{"start":{"line":86,"column":0},"end":{"line":86,"column":3}},"88":{"start":{"line":89,"column":0},"end":{"line":89,"column":65}},"89":{"start":{"line":90,"column":0},"end":{"line":90,"column":21}},"90":{"start":{"line":91,"column":0},"end":{"line":91,"column":47}},"91":{"start":{"line":92,"column":0},"end":{"line":92,"column":39}},"92":{"start":{"line":93,"column":0},"end":{"line":93,"column":33}},"93":{"start":{"line":94,"column":0},"end":{"line":94,"column":4}},"94":{"start":{"line":95,"column":0},"end":{"line":95,"column":3}},"97":{"start":{"line":98,"column":0},"end":{"line":98,"column":69}},"98":{"start":{"line":99,"column":0},"end":{"line":99,"column":23}},"99":{"start":{"line":100,"column":0},"end":{"line":100,"column":49}},"100":{"start":{"line":101,"column":0},"end":{"line":101,"column":38}},"101":{"start":{"line":102,"column":0},"end":{"line":102,"column":35}},"102":{"start":{"line":103,"column":0},"end":{"line":103,"column":4}},"103":{"start":{"line":104,"column":0},"end":{"line":104,"column":3}},"106":{"start":{"line":107,"column":0},"end":{"line":107,"column":61}},"107":{"start":{"line":108,"column":0},"end":{"line":108,"column":21}},"108":{"start":{"line":109,"column":0},"end":{"line":109,"column":54}},"109":{"start":{"line":110,"column":0},"end":{"line":110,"column":47}},"110":{"start":{"line":111,"column":0},"end":{"line":111,"column":42}},"111":{"start":{"line":112,"column":0},"end":{"line":112,"column":4}},"112":{"start":{"line":113,"column":0},"end":{"line":113,"column":3}},"115":{"start":{"line":116,"column":0},"end":{"line":116,"column":65}},"116":{"start":{"line":117,"column":0},"end":{"line":117,"column":18}},"117":{"start":{"line":118,"column":0},"end":{"line":118,"column":51}},"118":{"start":{"line":119,"column":0},"end":{"line":119,"column":47}},"119":{"start":{"line":120,"column":0},"end":{"line":120,"column":49}},"120":{"start":{"line":121,"column":0},"end":{"line":121,"column":4}},"121":{"start":{"line":122,"column":0},"end":{"line":122,"column":3}},"124":{"start":{"line":125,"column":0},"end":{"line":125,"column":69}},"125":{"start":{"line":126,"column":0},"end":{"line":126,"column":23}},"126":{"start":{"line":127,"column":0},"end":{"line":127,"column":56}},"127":{"start":{"line":128,"column":0},"end":{"line":128,"column":68}},"128":{"start":{"line":129,"column":0},"end":{"line":129,"column":36}},"129":{"start":{"line":130,"column":0},"end":{"line":130,"column":4}},"130":{"start":{"line":131,"column":0},"end":{"line":131,"column":3}},"133":{"start":{"line":134,"column":0},"end":{"line":134,"column":73}},"134":{"start":{"line":135,"column":0},"end":{"line":135,"column":25}},"135":{"start":{"line":136,"column":0},"end":{"line":136,"column":44}},"137":{"start":{"line":138,"column":0},"end":{"line":138,"column":41}},"138":{"start":{"line":139,"column":0},"end":{"line":139,"column":38}},"139":{"start":{"line":140,"column":0},"end":{"line":140,"column":4}},"140":{"start":{"line":141,"column":0},"end":{"line":141,"column":3}},"141":{"start":{"line":142,"column":0},"end":{"line":142,"column":2}},"144":{"start":{"line":145,"column":0},"end":{"line":145,"column":61}},"146":{"start":{"line":147,"column":0},"end":{"line":147,"column":15}},"147":{"start":{"line":148,"column":0},"end":{"line":148,"column":1}},"149":{"start":{"line":150,"column":0},"end":{"line":150,"column":47}},"150":{"start":{"line":151,"column":0},"end":{"line":151,"column":41}},"151":{"start":{"line":152,"column":0},"end":{"line":152,"column":10}},"152":{"start":{"line":153,"column":0},"end":{"line":153,"column":2}},"154":{"start":{"line":155,"column":0},"end":{"line":155,"column":23}},"155":{"start":{"line":156,"column":0},"end":{"line":156,"column":46}},"156":{"start":{"line":157,"column":0},"end":{"line":157,"column":56}},"157":{"start":{"line":158,"column":0},"end":{"line":158,"column":27}},"160":{"start":{"line":161,"column":0},"end":{"line":161,"column":46}},"161":{"start":{"line":162,"column":0},"end":{"line":162,"column":65}},"162":{"start":{"line":163,"column":0},"end":{"line":163,"column":10}},"163":{"start":{"line":164,"column":0},"end":{"line":164,"column":70}},"164":{"start":{"line":165,"column":0},"end":{"line":165,"column":3}},"166":{"start":{"line":167,"column":0},"end":{"line":167,"column":24}},"171":{"start":{"line":172,"column":0},"end":{"line":172,"column":32}},"172":{"start":{"line":173,"column":0},"end":{"line":173,"column":14}},"173":{"start":{"line":174,"column":0},"end":{"line":174,"column":2}},"175":{"start":{"line":176,"column":0},"end":{"line":176,"column":43}},"176":{"start":{"line":177,"column":0},"end":{"line":177,"column":44}},"177":{"start":{"line":178,"column":0},"end":{"line":178,"column":2}},"179":{"start":{"line":180,"column":0},"end":{"line":180,"column":25}},"180":{"start":{"line":181,"column":0},"end":{"line":181,"column":14}},"181":{"start":{"line":182,"column":0},"end":{"line":182,"column":2}},"182":{"start":{"line":183,"column":0},"end":{"line":183,"column":1}},"184":{"start":{"line":185,"column":0},"end":{"line":185,"column":43}},"185":{"start":{"line":186,"column":0},"end":{"line":186,"column":13}},"186":{"start":{"line":187,"column":0},"end":{"line":187,"column":22}},"187":{"start":{"line":188,"column":0},"end":{"line":188,"column":31}},"188":{"start":{"line":189,"column":0},"end":{"line":189,"column":37}},"189":{"start":{"line":190,"column":0},"end":{"line":190,"column":36}},"190":{"start":{"line":191,"column":0},"end":{"line":191,"column":29}},"191":{"start":{"line":192,"column":0},"end":{"line":192,"column":37}},"192":{"start":{"line":193,"column":0},"end":{"line":193,"column":35}},"193":{"start":{"line":194,"column":0},"end":{"line":194,"column":28}},"194":{"start":{"line":195,"column":0},"end":{"line":195,"column":41}},"195":{"start":{"line":196,"column":0},"end":{"line":196,"column":37}},"196":{"start":{"line":197,"column":0},"end":{"line":197,"column":4}},"197":{"start":{"line":198,"column":0},"end":{"line":198,"column":10}},"198":{"start":{"line":199,"column":0},"end":{"line":199,"column":2}},"200":{"start":{"line":201,"column":0},"end":{"line":201,"column":23}},"202":{"start":{"line":203,"column":0},"end":{"line":203,"column":49}},"203":{"start":{"line":204,"column":0},"end":{"line":204,"column":90}},"206":{"start":{"line":207,"column":0},"end":{"line":207,"column":37}},"207":{"start":{"line":208,"column":0},"end":{"line":208,"column":43}},"208":{"start":{"line":209,"column":0},"end":{"line":209,"column":27}},"209":{"start":{"line":210,"column":0},"end":{"line":210,"column":3}},"211":{"start":{"line":212,"column":0},"end":{"line":212,"column":51}},"214":{"start":{"line":215,"column":0},"end":{"line":215,"column":37}},"215":{"start":{"line":216,"column":0},"end":{"line":216,"column":71}},"216":{"start":{"line":217,"column":0},"end":{"line":217,"column":10}},"218":{"start":{"line":219,"column":0},"end":{"line":219,"column":38}},"219":{"start":{"line":220,"column":0},"end":{"line":220,"column":107}},"220":{"start":{"line":221,"column":0},"end":{"line":221,"column":11}},"221":{"start":{"line":222,"column":0},"end":{"line":222,"column":108}},"222":{"start":{"line":223,"column":0},"end":{"line":223,"column":4}},"223":{"start":{"line":224,"column":0},"end":{"line":224,"column":3}},"225":{"start":{"line":226,"column":0},"end":{"line":226,"column":23}},"226":{"start":{"line":227,"column":0},"end":{"line":227,"column":57}},"227":{"start":{"line":228,"column":0},"end":{"line":228,"column":40}},"228":{"start":{"line":229,"column":0},"end":{"line":229,"column":34}},"229":{"start":{"line":230,"column":0},"end":{"line":230,"column":18}},"230":{"start":{"line":231,"column":0},"end":{"line":231,"column":3}},"233":{"start":{"line":234,"column":0},"end":{"line":234,"column":37}},"236":{"start":{"line":237,"column":0},"end":{"line":237,"column":34}},"237":{"start":{"line":238,"column":0},"end":{"line":238,"column":22}},"238":{"start":{"line":239,"column":0},"end":{"line":239,"column":23}},"239":{"start":{"line":240,"column":0},"end":{"line":240,"column":4}},"242":{"start":{"line":243,"column":0},"end":{"line":243,"column":30}},"243":{"start":{"line":244,"column":0},"end":{"line":244,"column":22}},"244":{"start":{"line":245,"column":0},"end":{"line":245,"column":23}},"245":{"start":{"line":246,"column":0},"end":{"line":246,"column":35}},"246":{"start":{"line":247,"column":0},"end":{"line":247,"column":4}},"249":{"start":{"line":250,"column":0},"end":{"line":250,"column":24}},"250":{"start":{"line":251,"column":0},"end":{"line":251,"column":49}},"251":{"start":{"line":252,"column":0},"end":{"line":252,"column":33}},"252":{"start":{"line":253,"column":0},"end":{"line":253,"column":53}},"253":{"start":{"line":254,"column":0},"end":{"line":254,"column":20}},"256":{"start":{"line":257,"column":0},"end":{"line":257,"column":38}},"257":{"start":{"line":258,"column":0},"end":{"line":258,"column":52}},"258":{"start":{"line":259,"column":0},"end":{"line":259,"column":55}},"259":{"start":{"line":260,"column":0},"end":{"line":260,"column":31}},"263":{"start":{"line":264,"column":0},"end":{"line":264,"column":34}},"264":{"start":{"line":265,"column":0},"end":{"line":265,"column":35}},"267":{"start":{"line":268,"column":0},"end":{"line":268,"column":21}},"268":{"start":{"line":269,"column":0},"end":{"line":269,"column":54}},"269":{"start":{"line":270,"column":0},"end":{"line":270,"column":55}},"270":{"start":{"line":271,"column":0},"end":{"line":271,"column":40}},"271":{"start":{"line":272,"column":0},"end":{"line":272,"column":32}},"274":{"start":{"line":275,"column":0},"end":{"line":275,"column":35}},"275":{"start":{"line":276,"column":0},"end":{"line":276,"column":38}},"276":{"start":{"line":277,"column":0},"end":{"line":277,"column":5}},"278":{"start":{"line":279,"column":0},"end":{"line":279,"column":37}},"279":{"start":{"line":280,"column":0},"end":{"line":280,"column":11}},"281":{"start":{"line":282,"column":0},"end":{"line":282,"column":35}},"282":{"start":{"line":283,"column":0},"end":{"line":283,"column":4}},"283":{"start":{"line":284,"column":0},"end":{"line":284,"column":3}},"286":{"start":{"line":287,"column":0},"end":{"line":287,"column":55}},"287":{"start":{"line":288,"column":0},"end":{"line":288,"column":55}},"290":{"start":{"line":291,"column":0},"end":{"line":291,"column":82}},"292":{"start":{"line":293,"column":0},"end":{"line":293,"column":37}},"294":{"start":{"line":295,"column":0},"end":{"line":295,"column":38}},"296":{"start":{"line":297,"column":0},"end":{"line":297,"column":58}},"297":{"start":{"line":298,"column":0},"end":{"line":298,"column":43}},"298":{"start":{"line":299,"column":0},"end":{"line":299,"column":83}},"299":{"start":{"line":300,"column":0},"end":{"line":300,"column":60}},"303":{"start":{"line":304,"column":0},"end":{"line":304,"column":90}},"304":{"start":{"line":305,"column":0},"end":{"line":305,"column":39}},"306":{"start":{"line":307,"column":0},"end":{"line":307,"column":94}},"307":{"start":{"line":308,"column":0},"end":{"line":308,"column":57}},"308":{"start":{"line":309,"column":0},"end":{"line":309,"column":32}},"309":{"start":{"line":310,"column":0},"end":{"line":310,"column":70}},"310":{"start":{"line":311,"column":0},"end":{"line":311,"column":13}},"311":{"start":{"line":312,"column":0},"end":{"line":312,"column":23}},"312":{"start":{"line":313,"column":0},"end":{"line":313,"column":6}},"313":{"start":{"line":314,"column":0},"end":{"line":314,"column":5}},"316":{"start":{"line":317,"column":0},"end":{"line":317,"column":20}},"317":{"start":{"line":318,"column":0},"end":{"line":318,"column":56}},"318":{"start":{"line":319,"column":0},"end":{"line":319,"column":63}},"319":{"start":{"line":320,"column":0},"end":{"line":320,"column":49}},"320":{"start":{"line":321,"column":0},"end":{"line":321,"column":35}},"326":{"start":{"line":327,"column":0},"end":{"line":327,"column":35}},"327":{"start":{"line":328,"column":0},"end":{"line":328,"column":45}},"328":{"start":{"line":329,"column":0},"end":{"line":329,"column":5}},"331":{"start":{"line":332,"column":0},"end":{"line":332,"column":22}},"332":{"start":{"line":333,"column":0},"end":{"line":333,"column":54}},"333":{"start":{"line":334,"column":0},"end":{"line":334,"column":62}},"334":{"start":{"line":335,"column":0},"end":{"line":335,"column":49}},"335":{"start":{"line":336,"column":0},"end":{"line":336,"column":43}},"336":{"start":{"line":337,"column":0},"end":{"line":337,"column":5}},"337":{"start":{"line":338,"column":0},"end":{"line":338,"column":33}},"339":{"start":{"line":340,"column":0},"end":{"line":340,"column":50}},"340":{"start":{"line":341,"column":0},"end":{"line":341,"column":58}},"341":{"start":{"line":342,"column":0},"end":{"line":342,"column":43}},"342":{"start":{"line":343,"column":0},"end":{"line":343,"column":39}},"343":{"start":{"line":344,"column":0},"end":{"line":344,"column":4}},"344":{"start":{"line":345,"column":0},"end":{"line":345,"column":10}},"346":{"start":{"line":347,"column":0},"end":{"line":347,"column":38}},"348":{"start":{"line":349,"column":0},"end":{"line":349,"column":58}},"349":{"start":{"line":350,"column":0},"end":{"line":350,"column":76}},"351":{"start":{"line":352,"column":0},"end":{"line":352,"column":21}},"352":{"start":{"line":353,"column":0},"end":{"line":353,"column":54}},"353":{"start":{"line":354,"column":0},"end":{"line":354,"column":55}},"354":{"start":{"line":355,"column":0},"end":{"line":355,"column":55}},"355":{"start":{"line":356,"column":0},"end":{"line":356,"column":42}},"356":{"start":{"line":357,"column":0},"end":{"line":357,"column":5}},"358":{"start":{"line":359,"column":0},"end":{"line":359,"column":20}},"359":{"start":{"line":360,"column":0},"end":{"line":360,"column":54}},"360":{"start":{"line":361,"column":0},"end":{"line":361,"column":59}},"361":{"start":{"line":362,"column":0},"end":{"line":362,"column":35}},"362":{"start":{"line":363,"column":0},"end":{"line":363,"column":42}},"364":{"start":{"line":365,"column":0},"end":{"line":365,"column":53}},"365":{"start":{"line":366,"column":0},"end":{"line":366,"column":60}},"366":{"start":{"line":367,"column":0},"end":{"line":367,"column":45}},"367":{"start":{"line":368,"column":0},"end":{"line":368,"column":41}},"368":{"start":{"line":369,"column":0},"end":{"line":369,"column":5}},"369":{"start":{"line":370,"column":0},"end":{"line":370,"column":11}},"371":{"start":{"line":372,"column":0},"end":{"line":372,"column":21}},"372":{"start":{"line":373,"column":0},"end":{"line":373,"column":54}},"373":{"start":{"line":374,"column":0},"end":{"line":374,"column":55}},"374":{"start":{"line":375,"column":0},"end":{"line":375,"column":40}},"375":{"start":{"line":376,"column":0},"end":{"line":376,"column":42}},"377":{"start":{"line":378,"column":0},"end":{"line":378,"column":28}},"378":{"start":{"line":379,"column":0},"end":{"line":379,"column":55}},"379":{"start":{"line":380,"column":0},"end":{"line":380,"column":60}},"380":{"start":{"line":381,"column":0},"end":{"line":381,"column":36}},"381":{"start":{"line":382,"column":0},"end":{"line":382,"column":43}},"383":{"start":{"line":384,"column":0},"end":{"line":384,"column":54}},"384":{"start":{"line":385,"column":0},"end":{"line":385,"column":61}},"385":{"start":{"line":386,"column":0},"end":{"line":386,"column":46}},"386":{"start":{"line":387,"column":0},"end":{"line":387,"column":42}},"387":{"start":{"line":388,"column":0},"end":{"line":388,"column":6}},"388":{"start":{"line":389,"column":0},"end":{"line":389,"column":5}},"389":{"start":{"line":390,"column":0},"end":{"line":390,"column":4}},"390":{"start":{"line":391,"column":0},"end":{"line":391,"column":3}},"392":{"start":{"line":393,"column":0},"end":{"line":393,"column":39}},"395":{"start":{"line":396,"column":0},"end":{"line":396,"column":37}},"396":{"start":{"line":397,"column":0},"end":{"line":397,"column":54}},"399":{"start":{"line":400,"column":0},"end":{"line":400,"column":19}},"400":{"start":{"line":401,"column":0},"end":{"line":401,"column":9}},"401":{"start":{"line":402,"column":0},"end":{"line":402,"column":38}},"402":{"start":{"line":403,"column":0},"end":{"line":403,"column":32}},"405":{"start":{"line":406,"column":0},"end":{"line":406,"column":39}},"406":{"start":{"line":407,"column":0},"end":{"line":407,"column":39}},"407":{"start":{"line":408,"column":0},"end":{"line":408,"column":6}},"411":{"start":{"line":412,"column":0},"end":{"line":412,"column":39}},"412":{"start":{"line":413,"column":0},"end":{"line":413,"column":29}},"413":{"start":{"line":414,"column":0},"end":{"line":414,"column":59}},"414":{"start":{"line":415,"column":0},"end":{"line":415,"column":6}},"415":{"start":{"line":416,"column":0},"end":{"line":416,"column":17}},"417":{"start":{"line":418,"column":0},"end":{"line":418,"column":21}},"418":{"start":{"line":419,"column":0},"end":{"line":419,"column":5}},"419":{"start":{"line":420,"column":0},"end":{"line":420,"column":4}},"421":{"start":{"line":422,"column":0},"end":{"line":422,"column":18}},"422":{"start":{"line":423,"column":0},"end":{"line":423,"column":49}},"423":{"start":{"line":424,"column":0},"end":{"line":424,"column":52}},"424":{"start":{"line":425,"column":0},"end":{"line":425,"column":48}},"425":{"start":{"line":426,"column":0},"end":{"line":426,"column":28}},"435":{"start":{"line":436,"column":0},"end":{"line":436,"column":34}},"437":{"start":{"line":438,"column":0},"end":{"line":438,"column":34}},"438":{"start":{"line":439,"column":0},"end":{"line":439,"column":4}},"439":{"start":{"line":440,"column":0},"end":{"line":440,"column":3}},"443":{"start":{"line":444,"column":0},"end":{"line":444,"column":33}},"444":{"start":{"line":445,"column":0},"end":{"line":445,"column":17}},"445":{"start":{"line":446,"column":0},"end":{"line":446,"column":2}},"447":{"start":{"line":448,"column":0},"end":{"line":448,"column":39}},"448":{"start":{"line":449,"column":0},"end":{"line":449,"column":10}},"449":{"start":{"line":450,"column":0},"end":{"line":450,"column":28}},"450":{"start":{"line":451,"column":0},"end":{"line":451,"column":32}},"451":{"start":{"line":452,"column":0},"end":{"line":452,"column":44}},"452":{"start":{"line":453,"column":0},"end":{"line":453,"column":42}},"453":{"start":{"line":454,"column":0},"end":{"line":454,"column":40}},"454":{"start":{"line":455,"column":0},"end":{"line":455,"column":46}},"455":{"start":{"line":456,"column":0},"end":{"line":456,"column":44}},"456":{"start":{"line":457,"column":0},"end":{"line":457,"column":38}},"457":{"start":{"line":458,"column":0},"end":{"line":458,"column":29}},"459":{"start":{"line":460,"column":0},"end":{"line":460,"column":2}},"461":{"start":{"line":462,"column":0},"end":{"line":462,"column":37}},"464":{"start":{"line":465,"column":0},"end":{"line":465,"column":62}},"465":{"start":{"line":466,"column":0},"end":{"line":466,"column":2}},"466":{"start":{"line":467,"column":0},"end":{"line":467,"column":1}},"468":{"start":{"line":469,"column":0},"end":{"line":469,"column":69}},"469":{"start":{"line":470,"column":0},"end":{"line":470,"column":45}},"470":{"start":{"line":471,"column":0},"end":{"line":471,"column":18}},"471":{"start":{"line":472,"column":0},"end":{"line":472,"column":12}},"472":{"start":{"line":473,"column":0},"end":{"line":473,"column":2}},"473":{"start":{"line":474,"column":0},"end":{"line":474,"column":54}},"474":{"start":{"line":475,"column":0},"end":{"line":475,"column":1}},"476":{"start":{"line":477,"column":0},"end":{"line":477,"column":60}},"477":{"start":{"line":478,"column":0},"end":{"line":478,"column":32}},"478":{"start":{"line":479,"column":0},"end":{"line":479,"column":14}},"479":{"start":{"line":480,"column":0},"end":{"line":480,"column":2}},"480":{"start":{"line":481,"column":0},"end":{"line":481,"column":51}},"481":{"start":{"line":482,"column":0},"end":{"line":482,"column":1}},"483":{"start":{"line":484,"column":0},"end":{"line":484,"column":50}},"484":{"start":{"line":485,"column":0},"end":{"line":485,"column":6}},"485":{"start":{"line":486,"column":0},"end":{"line":486,"column":30}},"486":{"start":{"line":487,"column":0},"end":{"line":487,"column":47}},"487":{"start":{"line":488,"column":0},"end":{"line":488,"column":10}},"488":{"start":{"line":489,"column":0},"end":{"line":489,"column":13}},"489":{"start":{"line":490,"column":0},"end":{"line":490,"column":2}},"490":{"start":{"line":491,"column":0},"end":{"line":491,"column":1}},"492":{"start":{"line":493,"column":0},"end":{"line":493,"column":58}},"493":{"start":{"line":494,"column":0},"end":{"line":494,"column":44}},"494":{"start":{"line":495,"column":0},"end":{"line":495,"column":1}},"496":{"start":{"line":497,"column":0},"end":{"line":497,"column":42}},"497":{"start":{"line":498,"column":0},"end":{"line":498,"column":29}},"498":{"start":{"line":499,"column":0},"end":{"line":499,"column":45}},"499":{"start":{"line":500,"column":0},"end":{"line":500,"column":3}},"500":{"start":{"line":501,"column":0},"end":{"line":501,"column":29}},"501":{"start":{"line":502,"column":0},"end":{"line":502,"column":9}},"503":{"start":{"line":504,"column":0},"end":{"line":504,"column":61}},"504":{"start":{"line":505,"column":0},"end":{"line":505,"column":70}},"506":{"start":{"line":507,"column":0},"end":{"line":507,"column":34}},"507":{"start":{"line":508,"column":0},"end":{"line":508,"column":51}},"508":{"start":{"line":509,"column":0},"end":{"line":509,"column":4}},"510":{"start":{"line":511,"column":0},"end":{"line":511,"column":20}},"511":{"start":{"line":512,"column":0},"end":{"line":512,"column":38}},"512":{"start":{"line":513,"column":0},"end":{"line":513,"column":38}},"513":{"start":{"line":514,"column":0},"end":{"line":514,"column":5}},"514":{"start":{"line":515,"column":0},"end":{"line":515,"column":4}},"516":{"start":{"line":517,"column":0},"end":{"line":517,"column":37}},"518":{"start":{"line":519,"column":0},"end":{"line":519,"column":75}},"519":{"start":{"line":520,"column":0},"end":{"line":520,"column":69}},"520":{"start":{"line":521,"column":0},"end":{"line":521,"column":57}},"523":{"start":{"line":524,"column":0},"end":{"line":524,"column":49}},"526":{"start":{"line":527,"column":0},"end":{"line":527,"column":177}},"527":{"start":{"line":528,"column":0},"end":{"line":528,"column":59}},"528":{"start":{"line":529,"column":0},"end":{"line":529,"column":5}},"529":{"start":{"line":530,"column":0},"end":{"line":530,"column":4}},"531":{"start":{"line":532,"column":0},"end":{"line":532,"column":53}},"532":{"start":{"line":533,"column":0},"end":{"line":533,"column":34}},"535":{"start":{"line":536,"column":0},"end":{"line":536,"column":66}},"536":{"start":{"line":537,"column":0},"end":{"line":537,"column":24}},"537":{"start":{"line":538,"column":0},"end":{"line":538,"column":27}},"538":{"start":{"line":539,"column":0},"end":{"line":539,"column":4}},"540":{"start":{"line":541,"column":0},"end":{"line":541,"column":64}},"542":{"start":{"line":543,"column":0},"end":{"line":543,"column":53}},"543":{"start":{"line":544,"column":0},"end":{"line":544,"column":30}},"544":{"start":{"line":545,"column":0},"end":{"line":545,"column":31}},"548":{"start":{"line":549,"column":0},"end":{"line":549,"column":44}},"551":{"start":{"line":552,"column":0},"end":{"line":552,"column":73}},"552":{"start":{"line":553,"column":0},"end":{"line":553,"column":70}},"553":{"start":{"line":554,"column":0},"end":{"line":554,"column":76}},"554":{"start":{"line":555,"column":0},"end":{"line":555,"column":82}},"555":{"start":{"line":556,"column":0},"end":{"line":556,"column":70}},"556":{"start":{"line":557,"column":0},"end":{"line":557,"column":91}},"557":{"start":{"line":558,"column":0},"end":{"line":558,"column":70}},"560":{"start":{"line":561,"column":0},"end":{"line":561,"column":58}},"561":{"start":{"line":562,"column":0},"end":{"line":562,"column":17}},"562":{"start":{"line":563,"column":0},"end":{"line":563,"column":16}},"563":{"start":{"line":564,"column":0},"end":{"line":564,"column":18}},"564":{"start":{"line":565,"column":0},"end":{"line":565,"column":20}},"565":{"start":{"line":566,"column":0},"end":{"line":566,"column":16}},"566":{"start":{"line":567,"column":0},"end":{"line":567,"column":22}},"567":{"start":{"line":568,"column":0},"end":{"line":568,"column":6}},"570":{"start":{"line":571,"column":0},"end":{"line":571,"column":39}},"574":{"start":{"line":575,"column":0},"end":{"line":575,"column":92}},"575":{"start":{"line":576,"column":0},"end":{"line":576,"column":45}},"579":{"start":{"line":580,"column":0},"end":{"line":580,"column":59}},"580":{"start":{"line":581,"column":0},"end":{"line":581,"column":21}},"582":{"start":{"line":583,"column":0},"end":{"line":583,"column":67}},"583":{"start":{"line":584,"column":0},"end":{"line":584,"column":74}},"584":{"start":{"line":585,"column":0},"end":{"line":585,"column":64}},"585":{"start":{"line":586,"column":0},"end":{"line":586,"column":42}},"586":{"start":{"line":587,"column":0},"end":{"line":587,"column":49}},"588":{"start":{"line":589,"column":0},"end":{"line":589,"column":47}},"589":{"start":{"line":590,"column":0},"end":{"line":590,"column":40}},"590":{"start":{"line":591,"column":0},"end":{"line":591,"column":14}},"591":{"start":{"line":592,"column":0},"end":{"line":592,"column":5}},"592":{"start":{"line":593,"column":0},"end":{"line":593,"column":34}},"596":{"start":{"line":597,"column":0},"end":{"line":597,"column":53}},"597":{"start":{"line":598,"column":0},"end":{"line":598,"column":86}},"598":{"start":{"line":599,"column":0},"end":{"line":599,"column":14}},"599":{"start":{"line":600,"column":0},"end":{"line":600,"column":5}},"602":{"start":{"line":603,"column":0},"end":{"line":603,"column":49}},"603":{"start":{"line":604,"column":0},"end":{"line":604,"column":85}},"604":{"start":{"line":605,"column":0},"end":{"line":605,"column":14}},"605":{"start":{"line":606,"column":0},"end":{"line":606,"column":5}},"608":{"start":{"line":609,"column":0},"end":{"line":609,"column":83}},"609":{"start":{"line":610,"column":0},"end":{"line":610,"column":14}},"610":{"start":{"line":611,"column":0},"end":{"line":611,"column":5}},"613":{"start":{"line":614,"column":0},"end":{"line":614,"column":39}},"616":{"start":{"line":617,"column":0},"end":{"line":617,"column":73}},"617":{"start":{"line":618,"column":0},"end":{"line":618,"column":37}},"619":{"start":{"line":620,"column":0},"end":{"line":620,"column":36}},"620":{"start":{"line":621,"column":0},"end":{"line":621,"column":42}},"621":{"start":{"line":622,"column":0},"end":{"line":622,"column":41}},"622":{"start":{"line":623,"column":0},"end":{"line":623,"column":39}},"623":{"start":{"line":624,"column":0},"end":{"line":624,"column":26}},"624":{"start":{"line":625,"column":0},"end":{"line":625,"column":36}},"627":{"start":{"line":628,"column":0},"end":{"line":628,"column":47}},"628":{"start":{"line":629,"column":0},"end":{"line":629,"column":21}},"629":{"start":{"line":630,"column":0},"end":{"line":630,"column":35}},"630":{"start":{"line":631,"column":0},"end":{"line":631,"column":31}},"631":{"start":{"line":632,"column":0},"end":{"line":632,"column":40}},"632":{"start":{"line":633,"column":0},"end":{"line":633,"column":40}},"633":{"start":{"line":634,"column":0},"end":{"line":634,"column":47}},"634":{"start":{"line":635,"column":0},"end":{"line":635,"column":32}},"635":{"start":{"line":636,"column":0},"end":{"line":636,"column":12}},"637":{"start":{"line":638,"column":0},"end":{"line":638,"column":58}},"638":{"start":{"line":639,"column":0},"end":{"line":639,"column":5}},"639":{"start":{"line":640,"column":0},"end":{"line":640,"column":132}},"641":{"start":{"line":642,"column":0},"end":{"line":642,"column":19}},"642":{"start":{"line":643,"column":0},"end":{"line":643,"column":27}},"643":{"start":{"line":644,"column":0},"end":{"line":644,"column":51}},"644":{"start":{"line":645,"column":0},"end":{"line":645,"column":32}},"646":{"start":{"line":647,"column":0},"end":{"line":647,"column":39}},"647":{"start":{"line":648,"column":0},"end":{"line":648,"column":57}},"648":{"start":{"line":649,"column":0},"end":{"line":649,"column":13}},"651":{"start":{"line":652,"column":0},"end":{"line":652,"column":63}},"652":{"start":{"line":653,"column":0},"end":{"line":653,"column":25}},"653":{"start":{"line":654,"column":0},"end":{"line":654,"column":6}},"656":{"start":{"line":657,"column":0},"end":{"line":657,"column":36}},"657":{"start":{"line":658,"column":0},"end":{"line":658,"column":51}},"658":{"start":{"line":659,"column":0},"end":{"line":659,"column":36}},"659":{"start":{"line":660,"column":0},"end":{"line":660,"column":53}},"660":{"start":{"line":661,"column":0},"end":{"line":661,"column":51}},"661":{"start":{"line":662,"column":0},"end":{"line":662,"column":34}},"662":{"start":{"line":663,"column":0},"end":{"line":663,"column":61}},"663":{"start":{"line":664,"column":0},"end":{"line":664,"column":15}},"664":{"start":{"line":665,"column":0},"end":{"line":665,"column":27}},"665":{"start":{"line":666,"column":0},"end":{"line":666,"column":8}},"666":{"start":{"line":667,"column":0},"end":{"line":667,"column":7}},"667":{"start":{"line":668,"column":0},"end":{"line":668,"column":6}},"669":{"start":{"line":670,"column":0},"end":{"line":670,"column":46}},"670":{"start":{"line":671,"column":0},"end":{"line":671,"column":25}},"671":{"start":{"line":672,"column":0},"end":{"line":672,"column":6}},"673":{"start":{"line":674,"column":0},"end":{"line":674,"column":56}},"674":{"start":{"line":675,"column":0},"end":{"line":675,"column":42}},"675":{"start":{"line":676,"column":0},"end":{"line":676,"column":36}},"676":{"start":{"line":677,"column":0},"end":{"line":677,"column":46}},"677":{"start":{"line":678,"column":0},"end":{"line":678,"column":22}},"678":{"start":{"line":679,"column":0},"end":{"line":679,"column":5}},"682":{"start":{"line":683,"column":0},"end":{"line":683,"column":16}},"684":{"start":{"line":685,"column":0},"end":{"line":685,"column":44}},"685":{"start":{"line":686,"column":0},"end":{"line":686,"column":46}},"686":{"start":{"line":687,"column":0},"end":{"line":687,"column":36}},"687":{"start":{"line":688,"column":0},"end":{"line":688,"column":8}},"688":{"start":{"line":689,"column":0},"end":{"line":689,"column":84}},"689":{"start":{"line":690,"column":0},"end":{"line":690,"column":36}},"690":{"start":{"line":691,"column":0},"end":{"line":691,"column":35}},"692":{"start":{"line":693,"column":0},"end":{"line":693,"column":44}},"693":{"start":{"line":694,"column":0},"end":{"line":694,"column":135}},"694":{"start":{"line":695,"column":0},"end":{"line":695,"column":47}},"695":{"start":{"line":696,"column":0},"end":{"line":696,"column":37}},"696":{"start":{"line":697,"column":0},"end":{"line":697,"column":9}},"697":{"start":{"line":698,"column":0},"end":{"line":698,"column":88}},"700":{"start":{"line":701,"column":0},"end":{"line":701,"column":39}},"701":{"start":{"line":702,"column":0},"end":{"line":702,"column":29}},"702":{"start":{"line":703,"column":0},"end":{"line":703,"column":20}},"703":{"start":{"line":704,"column":0},"end":{"line":704,"column":16}},"708":{"start":{"line":709,"column":0},"end":{"line":709,"column":37}},"709":{"start":{"line":710,"column":0},"end":{"line":710,"column":8}},"710":{"start":{"line":711,"column":0},"end":{"line":711,"column":9}},"711":{"start":{"line":712,"column":0},"end":{"line":712,"column":83}},"712":{"start":{"line":713,"column":0},"end":{"line":713,"column":13}},"714":{"start":{"line":715,"column":0},"end":{"line":715,"column":52}},"715":{"start":{"line":716,"column":0},"end":{"line":716,"column":135}},"716":{"start":{"line":717,"column":0},"end":{"line":717,"column":9}},"717":{"start":{"line":718,"column":0},"end":{"line":718,"column":93}},"718":{"start":{"line":719,"column":0},"end":{"line":719,"column":6}},"719":{"start":{"line":720,"column":0},"end":{"line":720,"column":5}},"720":{"start":{"line":721,"column":0},"end":{"line":721,"column":4}},"724":{"start":{"line":725,"column":0},"end":{"line":725,"column":69}},"725":{"start":{"line":726,"column":0},"end":{"line":726,"column":21}},"727":{"start":{"line":728,"column":0},"end":{"line":728,"column":68}},"728":{"start":{"line":729,"column":0},"end":{"line":729,"column":62}},"729":{"start":{"line":730,"column":0},"end":{"line":730,"column":63}},"730":{"start":{"line":731,"column":0},"end":{"line":731,"column":64}},"731":{"start":{"line":732,"column":0},"end":{"line":732,"column":42}},"732":{"start":{"line":733,"column":0},"end":{"line":733,"column":49}},"734":{"start":{"line":735,"column":0},"end":{"line":735,"column":47}},"735":{"start":{"line":736,"column":0},"end":{"line":736,"column":40}},"736":{"start":{"line":737,"column":0},"end":{"line":737,"column":14}},"737":{"start":{"line":738,"column":0},"end":{"line":738,"column":5}},"738":{"start":{"line":739,"column":0},"end":{"line":739,"column":34}},"742":{"start":{"line":743,"column":0},"end":{"line":743,"column":53}},"743":{"start":{"line":744,"column":0},"end":{"line":744,"column":86}},"744":{"start":{"line":745,"column":0},"end":{"line":745,"column":14}},"745":{"start":{"line":746,"column":0},"end":{"line":746,"column":5}},"748":{"start":{"line":749,"column":0},"end":{"line":749,"column":55}},"749":{"start":{"line":750,"column":0},"end":{"line":750,"column":14}},"750":{"start":{"line":751,"column":0},"end":{"line":751,"column":5}},"753":{"start":{"line":754,"column":0},"end":{"line":754,"column":49}},"754":{"start":{"line":755,"column":0},"end":{"line":755,"column":85}},"755":{"start":{"line":756,"column":0},"end":{"line":756,"column":14}},"756":{"start":{"line":757,"column":0},"end":{"line":757,"column":5}},"759":{"start":{"line":760,"column":0},"end":{"line":760,"column":83}},"760":{"start":{"line":761,"column":0},"end":{"line":761,"column":14}},"761":{"start":{"line":762,"column":0},"end":{"line":762,"column":5}},"764":{"start":{"line":765,"column":0},"end":{"line":765,"column":39}},"767":{"start":{"line":768,"column":0},"end":{"line":768,"column":73}},"768":{"start":{"line":769,"column":0},"end":{"line":769,"column":37}},"770":{"start":{"line":771,"column":0},"end":{"line":771,"column":36}},"771":{"start":{"line":772,"column":0},"end":{"line":772,"column":42}},"772":{"start":{"line":773,"column":0},"end":{"line":773,"column":41}},"773":{"start":{"line":774,"column":0},"end":{"line":774,"column":39}},"774":{"start":{"line":775,"column":0},"end":{"line":775,"column":26}},"775":{"start":{"line":776,"column":0},"end":{"line":776,"column":36}},"778":{"start":{"line":779,"column":0},"end":{"line":779,"column":47}},"779":{"start":{"line":780,"column":0},"end":{"line":780,"column":21}},"780":{"start":{"line":781,"column":0},"end":{"line":781,"column":35}},"781":{"start":{"line":782,"column":0},"end":{"line":782,"column":31}},"782":{"start":{"line":783,"column":0},"end":{"line":783,"column":40}},"783":{"start":{"line":784,"column":0},"end":{"line":784,"column":40}},"784":{"start":{"line":785,"column":0},"end":{"line":785,"column":47}},"785":{"start":{"line":786,"column":0},"end":{"line":786,"column":32}},"786":{"start":{"line":787,"column":0},"end":{"line":787,"column":12}},"788":{"start":{"line":789,"column":0},"end":{"line":789,"column":58}},"789":{"start":{"line":790,"column":0},"end":{"line":790,"column":5}},"790":{"start":{"line":791,"column":0},"end":{"line":791,"column":132}},"792":{"start":{"line":793,"column":0},"end":{"line":793,"column":19}},"794":{"start":{"line":795,"column":0},"end":{"line":795,"column":28}},"796":{"start":{"line":797,"column":0},"end":{"line":797,"column":52}},"797":{"start":{"line":798,"column":0},"end":{"line":798,"column":13}},"799":{"start":{"line":800,"column":0},"end":{"line":800,"column":28}},"800":{"start":{"line":801,"column":0},"end":{"line":801,"column":52}},"801":{"start":{"line":802,"column":0},"end":{"line":802,"column":33}},"802":{"start":{"line":803,"column":0},"end":{"line":803,"column":6}},"804":{"start":{"line":805,"column":0},"end":{"line":805,"column":39}},"805":{"start":{"line":806,"column":0},"end":{"line":806,"column":57}},"806":{"start":{"line":807,"column":0},"end":{"line":807,"column":13}},"809":{"start":{"line":810,"column":0},"end":{"line":810,"column":63}},"810":{"start":{"line":811,"column":0},"end":{"line":811,"column":25}},"811":{"start":{"line":812,"column":0},"end":{"line":812,"column":6}},"814":{"start":{"line":815,"column":0},"end":{"line":815,"column":36}},"815":{"start":{"line":816,"column":0},"end":{"line":816,"column":51}},"816":{"start":{"line":817,"column":0},"end":{"line":817,"column":36}},"817":{"start":{"line":818,"column":0},"end":{"line":818,"column":53}},"818":{"start":{"line":819,"column":0},"end":{"line":819,"column":51}},"819":{"start":{"line":820,"column":0},"end":{"line":820,"column":34}},"820":{"start":{"line":821,"column":0},"end":{"line":821,"column":61}},"821":{"start":{"line":822,"column":0},"end":{"line":822,"column":15}},"822":{"start":{"line":823,"column":0},"end":{"line":823,"column":27}},"823":{"start":{"line":824,"column":0},"end":{"line":824,"column":8}},"824":{"start":{"line":825,"column":0},"end":{"line":825,"column":7}},"825":{"start":{"line":826,"column":0},"end":{"line":826,"column":6}},"827":{"start":{"line":828,"column":0},"end":{"line":828,"column":46}},"828":{"start":{"line":829,"column":0},"end":{"line":829,"column":25}},"829":{"start":{"line":830,"column":0},"end":{"line":830,"column":6}},"831":{"start":{"line":832,"column":0},"end":{"line":832,"column":56}},"832":{"start":{"line":833,"column":0},"end":{"line":833,"column":42}},"833":{"start":{"line":834,"column":0},"end":{"line":834,"column":36}},"834":{"start":{"line":835,"column":0},"end":{"line":835,"column":46}},"835":{"start":{"line":836,"column":0},"end":{"line":836,"column":22}},"836":{"start":{"line":837,"column":0},"end":{"line":837,"column":5}},"840":{"start":{"line":841,"column":0},"end":{"line":841,"column":16}},"842":{"start":{"line":843,"column":0},"end":{"line":843,"column":44}},"843":{"start":{"line":844,"column":0},"end":{"line":844,"column":46}},"844":{"start":{"line":845,"column":0},"end":{"line":845,"column":36}},"845":{"start":{"line":846,"column":0},"end":{"line":846,"column":8}},"846":{"start":{"line":847,"column":0},"end":{"line":847,"column":84}},"847":{"start":{"line":848,"column":0},"end":{"line":848,"column":36}},"848":{"start":{"line":849,"column":0},"end":{"line":849,"column":35}},"850":{"start":{"line":851,"column":0},"end":{"line":851,"column":44}},"851":{"start":{"line":852,"column":0},"end":{"line":852,"column":135}},"852":{"start":{"line":853,"column":0},"end":{"line":853,"column":47}},"853":{"start":{"line":854,"column":0},"end":{"line":854,"column":37}},"854":{"start":{"line":855,"column":0},"end":{"line":855,"column":9}},"855":{"start":{"line":856,"column":0},"end":{"line":856,"column":88}},"858":{"start":{"line":859,"column":0},"end":{"line":859,"column":39}},"859":{"start":{"line":860,"column":0},"end":{"line":860,"column":29}},"860":{"start":{"line":861,"column":0},"end":{"line":861,"column":20}},"861":{"start":{"line":862,"column":0},"end":{"line":862,"column":16}},"866":{"start":{"line":867,"column":0},"end":{"line":867,"column":37}},"867":{"start":{"line":868,"column":0},"end":{"line":868,"column":8}},"868":{"start":{"line":869,"column":0},"end":{"line":869,"column":9}},"869":{"start":{"line":870,"column":0},"end":{"line":870,"column":83}},"870":{"start":{"line":871,"column":0},"end":{"line":871,"column":13}},"872":{"start":{"line":873,"column":0},"end":{"line":873,"column":52}},"873":{"start":{"line":874,"column":0},"end":{"line":874,"column":135}},"874":{"st
[...]
,"end":{"line":67,"column":27}},"67":{"start":{"line":68,"column":0},"end":{"line":68,"column":35}},"68":{"start":{"line":69,"column":0},"end":{"line":69,"column":10}},"69":{"start":{"line":70,"column":0},"end":{"line":70,"column":4}},"70":{"start":{"line":71,"column":0},"end":{"line":71,"column":27}},"71":{"start":{"line":72,"column":0},"end":{"line":72,"column":35}},"72":{"start":{"line":73,"column":0},"end":{"line":73,"column":36}},"73":{"start":{"line":74,"column":0},"end":{"line":74,"column":10}},"74":{"start":{"line":75,"column":0},"end":{"line":75,"column":4}},"75":{"start":{"line":76,"column":0},"end":{"line":76,"column":31}},"76":{"start":{"line":77,"column":0},"end":{"line":77,"column":10}},"77":{"start":{"line":78,"column":0},"end":{"line":78,"column":4}},"78":{"start":{"line":79,"column":0},"end":{"line":79,"column":20}},"79":{"start":{"line":80,"column":0},"end":{"line":80,"column":3}},"81":{"start":{"line":82,"column":0},"end":{"line":82,"column":51}},"82":{"start":{"line":83,"column":0},"end":{"line":83,"column":74}},"83":{"start":{"line":84,"column":0},"end":{"line":84,"column":15}},"84":{"start":{"line":85,"column":0},"end":{"line":85,"column":3}},"86":{"start":{"line":87,"column":0},"end":{"line":87,"column":41}},"87":{"start":{"line":88,"column":0},"end":{"line":88,"column":26}},"89":{"start":{"line":90,"column":0},"end":{"line":90,"column":29}},"90":{"start":{"line":91,"column":0},"end":{"line":91,"column":65}},"91":{"start":{"line":92,"column":0},"end":{"line":92,"column":18}},"92":{"start":{"line":93,"column":0},"end":{"line":93,"column":3}},"94":{"start":{"line":95,"column":0},"end":{"line":95,"column":59}},"95":{"start":{"line":96,"column":0},"end":{"line":96,"column":30}},"96":{"start":{"line":97,"column":0},"end":{"line":97,"column":40}},"97":{"start":{"line":98,"column":0},"end":{"line":98,"column":30}},"98":{"start":{"line":99,"column":0},"end":{"line":99,"column":65}},"99":{"start":{"line":100,"column":0},"end":{"line":100,"column":36}},"100":{"start":{"line":101,"column":0},"end":{"line":101,"column":11}},"101":{"start":{"line":102,"column":0},"end":{"line":102,"column":5}},"102":{"start":{"line":103,"column":0},"end":{"line":103,"column":20}},"103":{"start":{"line":104,"column":0},"end":{"line":104,"column":4}},"104":{"start":{"line":105,"column":0},"end":{"line":105,"column":62}},"105":{"start":{"line":106,"column":0},"end":{"line":106,"column":32}},"106":{"start":{"line":107,"column":0},"end":{"line":107,"column":4}},"107":{"start":{"line":108,"column":0},"end":{"line":108,"column":10}},"108":{"start":{"line":109,"column":0},"end":{"line":109,"column":23}},"109":{"start":{"line":110,"column":0},"end":{"line":110,"column":3}},"111":{"start":{"line":112,"column":0},"end":{"line":112,"column":16}},"112":{"start":{"line":113,"column":0},"end":{"line":113,"column":7}},"113":{"start":{"line":114,"column":0},"end":{"line":114,"column":23}},"114":{"start":{"line":115,"column":0},"end":{"line":115,"column":19}},"115":{"start":{"line":116,"column":0},"end":{"line":116,"column":5}},"117":{"start":{"line":118,"column":0},"end":{"line":118,"column":22}},"118":{"start":{"line":119,"column":0},"end":{"line":119,"column":2}},"120":{"start":{"line":121,"column":0},"end":{"line":121,"column":37}},"121":{"start":{"line":122,"column":0},"end":{"line":122,"column":45}},"122":{"start":{"line":123,"column":0},"end":{"line":123,"column":14}},"123":{"start":{"line":124,"column":0},"end":{"line":124,"column":2}},"125":{"start":{"line":126,"column":0},"end":{"line":126,"column":16}},"126":{"start":{"line":127,"column":0},"end":{"line":127,"column":1}}},"s":{"0":1,"1":1,"3":1,"5":1,"6":18,"7":1,"8":1,"10":17,"11":18,"12":1,"13":1,"15":16,"16":18,"17":4,"18":4,"20":18,"21":8,"22":8,"24":4,"25":4,"27":1,"28":26,"29":26,"31":1,"39":1,"40":23,"41":2,"42":2,"44":21,"45":21,"46":21,"48":23,"49":28,"50":28,"52":28,"53":21,"54":21,"55":21,"56":2,"57":2,"58":21,"60":26,"61":26,"63":26,"64":28,"65":27,"66":27,"67":2,"68":2,"69":2,"70":27,"71":5,"72":5,"73":5,"74":5,"75":27,"76":4,"77":4,"78":16,"79":16,"81":26,"82":28,"83":4,"84":4,"86":22,"87":22,"89":22,"90":28,"91":14,"92":14,"94":28,"95":2,"96":28,"97":5,"98":5,"99":27,"100":0,"101":0,"102":27,"103":27,"104":5,"105":5,"106":5,"107":20,"108":15,"109":15,"111":22,"112":22,"113":22,"114":22,"115":22,"117":22,"118":22,"120":17,"121":23,"122":2,"123":2,"125":15,"126":15},"branchMap":{"0":{"type":"branch","line":6,"loc":{"start":{"line":6,"column":7},"end":{"line":26,"column":1}},"locations":[{"start":{"line":6,"column":7},"end":{"line":26,"column":1}}]},"1":{"type":"branch","line":7,"loc":{"start":{"line":7,"column":12},"end":{"line":9,"column":2}},"locations":[{"start":{"line":7,"column":12},"end":{"line":9,"column":2}}]},"2":{"type":"branch","line":9,"loc":{"start":{"line":9,"column":1},"end":{"line":12,"column":15}},"locations":[{"start":{"line":9,"column":1},"end":{"line":12,"column":15}}]},"3":{"type":"branch","line":12,"loc":{"start":{"line":12,"column":15},"end":{"line":14,"column":2}},"locations":[{"start":{"line":12,"column":15},"end":{"line":14,"column":2}}]},"4":{"type":"branch","line":14,"loc":{"start":{"line":14,"column":1},"end":{"line":17,"column":19}},"locations":[{"start":{"line":14,"column":1},"end":{"line":17,"column":19}}]},"5":{"type":"branch","line":17,"loc":{"start":{"line":17,"column":19},"end":{"line":19,"column":2}},"locations":[{"start":{"line":17,"column":19},"end":{"line":19,"column":2}}]},"6":{"type":"branch","line":19,"loc":{"start":{"line":19,"column":1},"end":{"line":21,"column":37}},"locations":[{"start":{"line":19,"column":1},"end":{"line":21,"column":37}}]},"7":{"type":"branch","line":21,"loc":{"start":{"line":21,"column":37},"end":{"line":23,"column":2}},"locations":[{"start":{"line":21,"column":37},"end":{"line":23,"column":2}}]},"8":{"type":"branch","line":23,"loc":{"start":{"line":23,"column":1},"end":{"line":26,"column":1}},"locations":[{"start":{"line":23,"column":1},"end":{"line":26,"column":1}}]},"9":{"type":"branch","line":28,"loc":{"start":{"line":28,"column":7},"end":{"line":30,"column":1}},"locations":[{"start":{"line":28,"column":7},"end":{"line":30,"column":1}}]},"10":{"type":"branch","line":40,"loc":{"start":{"line":40,"column":7},"end":{"line":127,"column":1}},"locations":[{"start":{"line":40,"column":7},"end":{"line":127,"column":1}}]},"11":{"type":"branch","line":41,"loc":{"start":{"line":41,"column":31},"end":{"line":43,"column":2}},"locations":[{"start":{"line":41,"column":31},"end":{"line":43,"column":2}}]},"12":{"type":"branch","line":43,"loc":{"start":{"line":43,"column":1},"end":{"line":49,"column":45}},"locations":[{"start":{"line":43,"column":1},"end":{"line":49,"column":45}}]},"13":{"type":"branch","line":49,"loc":{"start":{"line":49,"column":45},"end":{"line":119,"column":2}},"locations":[{"start":{"line":49,"column":45},"end":{"line":119,"column":2}}]},"14":{"type":"branch","line":50,"loc":{"start":{"line":50,"column":27},"end":{"line":50,"column":38}},"locations":[{"start":{"line":50,"column":27},"end":{"line":50,"column":38}}]},"15":{"type":"branch","line":53,"loc":{"start":{"line":53,"column":22},"end":{"line":59,"column":3}},"locations":[{"start":{"line":53,"column":22},"end":{"line":59,"column":3}}]},"16":{"type":"branch","line":54,"loc":{"start":{"line":54,"column":37},"end":{"line":54,"column":45}},"locations":[{"start":{"line":54,"column":37},"end":{"line":54,"column":45}}]},"17":{"type":"branch","line":55,"loc":{"start":{"line":55,"column":45},"end":{"line":55,"column":53}},"locations":[{"start":{"line":55,"column":45},"end":{"line":55,"column":53}}]},"18":{"type":"branch","line":56,"loc":{"start":{"line":56,"column":18},"end":{"line":56,"column":42}},"locations":[{"start":{"line":56,"column":18},"end":{"line":56,"column":42}}]},"19":{"type":"branch","line":56,"loc":{"start":{"line":56,"column":35},"end":{"line":56,"column":61}},"locations":[{"start":{"line":56,"column":35},"end":{"line":56,"column":61}}]},"20":{"type":"branch","line":56,"loc":{"start":{"line":56,"column":56},"end":{"line":56,"column":91}},"locations":[{"start":{"line":56,"column":56},"end":{"line":56,"column":91}}]},"21":{"type":"branch","line":56,"loc":{"start":{"line":56,"column":91},"end":{"line":58,"column":4}},"locations":[{"start":{"line":56,"column":91},"end":{"line":58,"column":4}}]},"22":{"type":"branch","line":59,"loc":{"start":{"line":59,"column":2},"end":{"line":65,"column":31}},"locations":[{"start":{"line":59,"column":2},"end":{"line":65,"column":31}}]},"23":{"type":"branch","line":65,"loc":{"start":{"line":65,"column":31},"end":{"line":80,"column":3}},"locations":[{"start":{"line":65,"column":31},"end":{"line":80,"column":3}}]},"24":{"type":"branch","line":67,"loc":{"start":{"line":67,"column":26},"end":{"line":70,"column":4}},"locations":[{"start":{"line":67,"column":26},"end":{"line":70,"column":4}}]},"25":{"type":"branch","line":70,"loc":{"start":{"line":70,"column":3},"end":{"line":71,"column":26}},"locations":[{"start":{"line":70,"column":3},"end":{"line":71,"column":26}}]},"26":{"type":"branch","line":71,"loc":{"start":{"line":71,"column":26},"end":{"line":75,"column":4}},"locations":[{"start":{"line":71,"column":26},"end":{"line":75,"column":4}}]},"27":{"type":"branch","line":75,"loc":{"start":{"line":75,"column":3},"end":{"line":76,"column":30}},"locations":[{"start":{"line":75,"column":3},"end":{"line":76,"column":30}}]},"28":{"type":"branch","line":76,"loc":{"start":{"line":76,"column":30},"end":{"line":78,"column":4}},"locations":[{"start":{"line":76,"column":30},"end":{"line":78,"column":4}}]},"29":{"type":"branch","line":78,"loc":{"start":{"line":78,"column":3},"end":{"line":80,"column":3}},"locations":[{"start":{"line":78,"column":3},"end":{"line":80,"column":3}}]},"30":{"type":"branch","line":80,"loc":{"start":{"line":80,"column":2},"end":{"line":83,"column":35}},"locations":[{"start":{"line":80,"column":2},"end":{"line":83,"column":35}}]},"31":{"type":"branch","line":83,"loc":{"start":{"line":83,"column":7},"end":{"line":83,"column":73}},"locations":[{"start":{"line":83,"column":7},"end":{"line":83,"column":73}}]},"32":{"type":"branch","line":83,"loc":{"start":{"line":83,"column":73},"end":{"line":85,"column":3}},"locations":[{"start":{"line":83,"column":73},"end":{"line":85,"column":3}}]},"33":{"type":"branch","line":85,"loc":{"start":{"line":85,"column":2},"end":{"line":91,"column":36}},"locations":[{"start":{"line":85,"column":2},"end":{"line":91,"column":36}}]},"34":{"type":"branch","line":91,"loc":{"start":{"line":91,"column":26},"end":{"line":91,"column":64}},"locations":[{"start":{"line":91,"column":26},"end":{"line":91,"column":64}}]},"35":{"type":"branch","line":91,"loc":{"start":{"line":91,"column":64},"end":{"line":93,"column":3}},"locations":[{"start":{"line":91,"column":64},"end":{"line":93,"column":3}}]},"36":{"type":"branch","line":93,"loc":{"start":{"line":93,"column":2},"end":{"line":95,"column":33}},"locations":[{"start":{"line":93,"column":2},"end":{"line":95,"column":33}}]},"37":{"type":"branch","line":95,"loc":{"start":{"line":95,"column":23},"end":{"line":95,"column":58}},"locations":[{"start":{"line":95,"column":23},"end":{"line":95,"column":58}}]},"38":{"type":"branch","line":95,"loc":{"start":{"line":95,"column":58},"end":{"line":97,"column":13}},"locations":[{"start":{"line":95,"column":58},"end":{"line":97,"column":13}}]},"39":{"type":"branch","line":97,"loc":{"start":{"line":97,"column":2},"end":{"line":110,"column":3}},"locations":[{"start":{"line":97,"column":2},"end":{"line":110,"column":3}}]},"40":{"type":"branch","line":97,"loc":{"start":{"line":97,"column":39},"end":{"line":108,"column":9}},"locations":[{"start":{"line":97,"column":39},"end":{"line":108,"column":9}}]},"41":{"type":"branch","line":99,"loc":{"start":{"line":99,"column":28},"end":{"line":99,"column":64}},"locations":[{"start":{"line":99,"column":28},"end":{"line":99,"column":64}}]},"42":{"type":"branch","line":99,"loc":{"start":{"line":99,"column":64},"end":{"line":104,"column":4}},"locations":[{"start":{"line":99,"column":64},"end":{"line":104,"column":4}}]},"43":{"type":"branch","line":100,"loc":{"start":{"line":100,"column":35},"end":{"line":102,"column":5}},"locations":[{"start":{"line":100,"column":35},"end":{"line":102,"column":5}}]},"44":{"type":"branch","line":108,"loc":{"start":{"line":108,"column":2},"end":{"line":110,"column":3}},"locations":[{"start":{"line":108,"column":2},"end":{"line":110,"column":3}}]},"45":{"type":"branch","line":110,"loc":{"start":{"line":110,"column":2},"end":{"line":119,"column":2}},"locations":[{"start":{"line":110,"column":2},"end":{"line":119,"column":2}}]},"46":{"type":"branch","line":119,"loc":{"start":{"line":119,"column":1},"end":{"line":122,"column":44}},"locations":[{"start":{"line":119,"column":1},"end":{"line":122,"column":44}}]},"47":{"type":"branch","line":122,"loc":{"start":{"line":122,"column":44},"end":{"line":124,"column":2}},"locations":[{"start":{"line":122,"column":44},"end":{"line":124,"column":2}}]},"48":{"type":"branch","line":124,"loc":{"start":{"line":124,"column":1},"end":{"line":127,"column":1}},"locations":[{"start":{"line":124,"column":1},"end":{"line":127,"column":1}}]}},"b":{"0":[18],"1":[1],"2":[17],"3":[1],"4":[16],"5":[4],"6":[12],"7":[8],"8":[4],"9":[26],"10":[23],"11":[2],"12":[21],"13":[28],"14":[0],"15":[21],"16":[0],"17":[5],"18":[2],"19":[2],"20":[2],"21":[2],"22":[26],"23":[27],"24":[2],"25":[25],"26":[5],"27":[20],"28":[4],"29":[16],"30":[26],"31":[21],"32":[4],"33":[22],"34":[29],"35":[14],"36":[22],"37":[15],"38":[2],"39":[20],"40":[5],"41":[32],"42":[27],"43":[0],"44":[15],"45":[22],"46":[17],"47":[2],"48":[15]},"fnMap":{"0":{"name":"extractSingleUrl","decl":{"start":{"line":6,"column":7},"end":{"line":26,"column":1}},"loc":{"start":{"line":6,"column":7},"end":{"line":26,"column":1}},"line":6},"1":{"name":"looksLikeUrl","decl":{"start":{"line":28,"column":7},"end":{"line":30,"column":1}},"loc":{"start":{"line":28,"column":7},"end":{"line":30,"column":1}},"line":28},"2":{"name":"extractUrlList","decl":{"start":{"line":40,"column":7},"end":{"line":127,"column":1}},"loc":{"start":{"line":40,"column":7},"end":{"line":127,"column":1}},"line":40}},"f":{"0":18,"1":26,"2":23}}
,"/Users/mattmarotta/Documents/ObsidianVaults/testVault/.obsidian/plugins/obsidian-inline-link-preview/src/utils/vault.ts": {"path":"/Users/mattmarotta/Documents/ObsidianVaults/testVault/.obsidian/plugins/obsidian-inline-link-preview/src/utils/vault.ts","all":false,"statementMap":{"0":{"start":{"line":1,"column":0},"end":{"line":1,"column":64}},"2":{"start":{"line":3,"column":0},"end":{"line":3,"column":69}},"3":{"start":{"line":4,"column":0},"end":{"line":4,"column":30}},"4":{"start":{"line":5,"column":0},"end":{"line":5,"column":42}},"5":{"start":{"line":6,"column":0},"end":{"line":6,"column":2}},"7":{"start":{"line":8,"column":0},"end":{"line":8,"column":32}},"8":{"start":{"line":9,"column":0},"end":{"line":9,"column":30}},"9":{"start":{"line":10,"column":0},"end":{"line":10,"column":39}},"10":{"start":{"line":11,"column":0},"end":{"line":11,"column":48}},"11":{"start":{"line":12,"column":0},"end":{"line":12,"column":3}},"12":{"start":{"line":13,"column":0},"end":{"line":13,"column":17}},"13":{"start":{"line":14,"column":0},"end":{"line":14,"column":2}},"15":{"start":{"line":16,"column":0},"end":{"line":16,"column":11}},"16":{"start":{"line":17,"column":0},"end":{"line":17,"column":1}},"18":{"start":{"line":19,"column":0},"end":{"line":19,"column":57}},"19":{"start":{"line":20,"column":0},"end":{"line":20,"column":30}},"20":{"start":{"line":21,"column":0},"end":{"line":21,"column":31}},"21":{"start":{"line":22,"column":0},"end":{"line":22,"column":31}},"22":{"start":{"line":23,"column":0},"end":{"line":23,"column":16}},"23":{"start":{"line":24,"column":0},"end":{"line":24,"column":1}},"25":{"start":{"line":26,"column":0},"end":{"line":26,"column":67}},"26":{"start":{"line":27,"column":0},"end":{"line":27,"column":21}},"27":{"start":{"line":28,"column":0},"end":{"line":28,"column":39}},"28":{"start":{"line":29,"column":0},"end":{"line":29,"column":33}},"29":{"start":{"line":30,"column":0},"end":{"line":30,"column":33}},"30":{"start":{"line":31,"column":0},"end":{"line":31,"column":3}},"31":{"start":{"line":32,"column":0},"end":{"line":32,"column":2}},"32":{"start":{"line":33,"column":0},"end":{"line":33,"column":1}},"34":{"start":{"line":35,"column":0},"end":{"line":35,"column":43}},"35":{"start":{"line":36,"column":0},"end":{"line":36,"column":46}},"36":{"start":{"line":37,"column":0},"end":{"line":37,"column":1}}},"s":{"0":1,"2":1,"3":19,"4":11,"5":11,"7":19,"8":7,"9":7,"10":11,"11":11,"12":7,"13":7,"15":1,"16":1,"18":1,"19":5,"20":5,"21":5,"22":5,"23":5,"25":15,"26":15,"27":15,"28":11,"29":10,"30":10,"31":11,"32":15,"34":11,"35":11,"36":11},"branchMap":{"0":{"type":"branch","line":3,"loc":{"start":{"line":3,"column":7},"end":{"line":17,"column":1}},"locations":[{"start":{"line":3,"column":7},"end":{"line":17,"column":1}}]},"1":{"type":"branch","line":4,"loc":{"start":{"line":4,"column":29},"end":{"line":6,"column":2}},"locations":[{"start":{"line":4,"column":29},"end":{"line":6,"column":2}}]},"2":{"type":"branch","line":5,"loc":{"start":{"line":5,"column":25},"end":{"line":5,"column":39}},"locations":[{"start":{"line":5,"column":25},"end":{"line":5,"column":39}}]},"3":{"type":"branch","line":5,"loc":{"start":{"line":5,"column":35},"end":{"line":5,"column":42}},"locations":[{"start":{"line":5,"column":35},"end":{"line":5,"column":42}}]},"4":{"type":"branch","line":6,"loc":{"start":{"line":6,"column":1},"end":{"line":8,"column":31}},"locations":[{"start":{"line":6,"column":1},"end":{"line":8,"column":31}}]},"5":{"type":"branch","line":8,"loc":{"start":{"line":8,"column":31},"end":{"line":14,"column":2}},"locations":[{"start":{"line":8,"column":31},"end":{"line":14,"column":2}}]},"6":{"type":"branch","line":10,"loc":{"start":{"line":10,"column":38},"end":{"line":12,"column":3}},"locations":[{"start":{"line":10,"column":38},"end":{"line":12,"column":3}}]},"7":{"type":"branch","line":14,"loc":{"start":{"line":14,"column":1},"end":{"line":17,"column":1}},"locations":[{"start":{"line":14,"column":1},"end":{"line":17,"column":1}}]},"8":{"type":"branch","line":19,"loc":{"start":{"line":19,"column":7},"end":{"line":24,"column":1}},"locations":[{"start":{"line":19,"column":7},"end":{"line":24,"column":1}}]},"9":{"type":"branch","line":26,"loc":{"start":{"line":26,"column":0},"end":{"line":33,"column":1}},"locations":[{"start":{"line":26,"column":0},"end":{"line":33,"column":1}}]},"10":{"type":"branch","line":28,"loc":{"start":{"line":28,"column":38},"end":{"line":32,"column":2}},"locations":[{"start":{"line":28,"column":38},"end":{"line":32,"column":2}}]},"11":{"type":"branch","line":29,"loc":{"start":{"line":29,"column":32},"end":{"line":31,"column":3}},"locations":[{"start":{"line":29,"column":32},"end":{"line":31,"column":3}}]},"12":{"type":"branch","line":35,"loc":{"start":{"line":35,"column":0},"end":{"line":37,"column":1}},"locations":[{"start":{"line":35,"column":0},"end":{"line":37,"column":1}}]}},"b":{"0":[19],"1":[11],"2":[9],"3":[2],"4":[8],"5":[7],"6":[11],"7":[1],"8":[5],"9":[15],"10":[11],"11":[10],"12":[11]},"fnMap":{"0":{"name":"collectMarkdownFiles","decl":{"start":{"line":3,"column":7},"end":{"line":17,"column":1}},"loc":{"start":{"line":3,"column":7},"end":{"line":17,"column":1}},"line":3},"1":{"name":"listAllFolders","decl":{"start":{"line":19,"column":7},"end":{"line":24,"column":1}},"loc":{"start":{"line":19,"column":7},"end":{"line":24,"column":1}},"line":19},"2":{"name":"collectFolders","decl":{"start":{"line":26,"column":0},"end":{"line":33,"column":1}},"loc":{"start":{"line":26,"column":0},"end":{"line":33,"column":1}},"line":26},"3":{"name":"isMarkdown","decl":{"start":{"line":35,"column":0},"end":{"line":37,"column":1}},"loc":{"start":{"line":35,"column":0},"end":{"line":37,"column":1}},"line":35}},"f":{"0":19,"1":5,"2":15,"3":11}}
}
