TN:
SF:docs/archived/tests/stubs-old/obsidian.ts
FN:1,(empty-report)
FNF:1
FNH:1
FNDA:1,(empty-report)
DA:17,0
DA:19,0
DA:20,0
DA:21,0
DA:23,0
DA:24,0
DA:25,0
DA:26,0
DA:27,0
DA:28,0
DA:30,0
DA:34,0
DA:35,0
DA:36,0
DA:37,0
LF:15
LH:0
BRDA:1,0,0,1
BRF:1
BRH:1
end_of_record
TN:
SF:src/constants.ts
FNF:0
FNH:0
DA:6,1
DA:7,1
DA:8,1
DA:11,1
DA:12,1
DA:15,1
DA:16,1
DA:17,1
DA:18,1
DA:19,1
DA:22,1
DA:23,1
DA:26,1
DA:29,1
DA:32,1
DA:33,1
DA:36,1
DA:39,1
DA:40,1
LF:19
LH:19
BRF:0
BRH:0
end_of_record
TN:
SF:src/main.ts
FN:1,(empty-report)
FNF:1
FNH:1
FNDA:1,(empty-report)
DA:10,0
DA:11,0
DA:12,0
DA:13,0
DA:14,0
DA:17,0
DA:18,0
DA:29,0
DA:30,0
DA:31,0
DA:32,0
DA:33,0
DA:35,0
DA:36,0
DA:43,0
DA:44,0
DA:45,0
DA:48,0
DA:51,0
DA:52,0
DA:53,0
DA:55,0
DA:58,0
DA:59,0
DA:64,0
DA:66,0
DA:67,0
DA:68,0
DA:71,0
DA:72,0
DA:77,0
DA:78,0
DA:79,0
DA:80,0
DA:85,0
DA:86,0
DA:87,0
DA:88,0
DA:89,0
DA:90,0
DA:91,0
DA:92,0
DA:97,0
DA:98,0
DA:99,0
DA:100,0
DA:101,0
DA:104,0
DA:105,0
DA:111,0
DA:112,0
DA:114,0
DA:115,0
DA:116,0
DA:118,0
DA:119,0
DA:122,0
DA:123,0
DA:124,0
DA:127,0
DA:128,0
DA:129,0
DA:130,0
DA:131,0
DA:136,0
DA:138,0
DA:139,0
DA:140,0
DA:141,0
DA:142,0
DA:145,0
DA:146,0
DA:147,0
DA:148,0
DA:149,0
DA:156,0
DA:157,0
DA:158,0
DA:159,0
DA:160,0
DA:163,0
DA:164,0
DA:165,0
DA:166,0
DA:167,0
DA:169,0
DA:170,0
DA:171,0
DA:172,0
DA:175,0
DA:176,0
DA:177,0
DA:179,0
DA:180,0
DA:181,0
DA:182,0
DA:184,0
DA:185,0
DA:186,0
DA:187,0
DA:193,0
DA:195,0
DA:197,0
DA:198,0
DA:199,0
DA:200,0
DA:201,0
DA:202,0
DA:203,0
DA:206,0
DA:207,0
DA:208,0
DA:209,0
DA:210,0
DA:213,0
DA:214,0
DA:215,0
DA:216,0
DA:217,0
DA:218,0
DA:219,0
DA:220,0
DA:221,0
DA:222,0
DA:225,0
DA:226,0
DA:227,0
DA:228,0
DA:230,0
DA:231,0
DA:232,0
DA:233,0
DA:235,0
DA:236,0
DA:237,0
DA:238,0
DA:239,0
DA:241,0
DA:242,0
DA:243,0
DA:244,0
DA:246,0
DA:247,0
DA:248,0
DA:249,0
DA:250,0
DA:253,0
DA:254,0
DA:255,0
DA:256,0
DA:259,0
DA:260,0
DA:286,0
DA:287,0
DA:288,0
DA:291,0
DA:292,0
DA:294,0
DA:295,0
DA:296,0
DA:301,0
DA:302,0
DA:303,0
DA:304,0
DA:305,0
LF:165
LH:0
BRDA:1,0,0,1
BRF:1
BRH:1
end_of_record
TN:
SF:src/settings.ts
FN:38,InlineLinkPreviewSettingTab
FN:43,updatePreviewColorCSS
FN:64,display
FNF:3
FNH:0
FNDA:0,InlineLinkPreviewSettingTab
FNDA:0,updatePreviewColorCSS
FNDA:0,display
DA:1,1
DA:21,1
DA:22,1
DA:23,1
DA:24,1
DA:25,1
DA:26,1
DA:27,1
DA:28,1
DA:29,1
DA:30,1
DA:31,1
DA:32,1
DA:33,1
DA:35,1
DA:38,1
DA:39,0
DA:40,0
DA:41,0
DA:43,1
DA:44,0
DA:45,0
DA:47,0
DA:48,0
DA:49,0
DA:50,0
DA:51,0
DA:52,0
DA:53,0
DA:54,0
DA:55,0
DA:56,0
DA:57,0
DA:58,0
DA:61,0
DA:62,0
DA:64,1
DA:65,0
DA:66,0
DA:68,0
DA:69,0
DA:72,0
DA:74,0
DA:76,0
DA:77,0
DA:78,0
DA:79,0
DA:80,0
DA:81,0
DA:82,0
DA:83,0
DA:84,0
DA:86,0
DA:87,0
DA:88,0
DA:90,0
DA:92,0
DA:93,0
DA:94,0
DA:95,0
DA:96,0
DA:97,0
DA:98,0
DA:99,0
DA:100,0
DA:101,0
DA:102,0
DA:104,0
DA:105,0
DA:106,0
DA:108,0
DA:109,0
DA:110,0
DA:111,0
DA:112,0
DA:113,0
DA:114,0
DA:115,0
DA:116,0
DA:117,0
DA:118,0
DA:119,0
DA:120,0
DA:121,0
DA:122,0
DA:123,0
DA:126,0
DA:127,0
DA:128,0
DA:129,0
DA:130,0
DA:131,0
DA:132,0
DA:133,0
DA:134,0
DA:135,0
DA:136,0
DA:137,0
DA:138,0
DA:139,0
DA:141,0
DA:143,0
DA:144,0
DA:145,0
DA:146,0
DA:147,0
DA:148,0
DA:149,0
DA:150,0
DA:151,0
DA:153,0
DA:154,0
DA:155,0
DA:157,0
DA:158,0
DA:159,0
DA:160,0
DA:161,0
DA:162,0
DA:163,0
DA:164,0
DA:165,0
DA:166,0
DA:167,0
DA:168,0
DA:169,0
DA:170,0
DA:171,0
DA:173,0
DA:174,0
DA:175,0
DA:177,0
DA:178,0
DA:179,0
DA:180,0
DA:181,0
DA:182,0
DA:183,0
DA:184,0
DA:185,0
DA:186,0
DA:187,0
DA:188,0
DA:189,0
DA:190,0
DA:191,0
DA:193,0
DA:194,0
DA:195,0
DA:197,0
DA:198,0
DA:199,0
DA:200,0
DA:201,0
DA:202,0
DA:203,0
DA:204,0
DA:205,0
DA:207,0
DA:208,0
DA:209,0
DA:211,0
DA:212,0
DA:213,0
DA:214,0
DA:215,0
DA:216,0
DA:217,0
DA:218,0
DA:219,0
DA:220,0
DA:221,0
DA:223,0
DA:224,0
DA:225,0
DA:226,0
DA:227,0
DA:228,0
DA:229,0
DA:230,0
DA:231,0
DA:233,0
DA:235,0
DA:236,0
DA:237,0
DA:239,0
DA:240,0
DA:241,0
DA:242,0
DA:243,0
DA:244,0
DA:245,0
DA:246,0
DA:247,0
DA:248,0
DA:249,0
DA:250,0
DA:251,0
DA:252,0
DA:253,0
DA:254,0
DA:256,0
DA:259,0
DA:260,0
DA:261,0
DA:262,0
DA:263,0
DA:264,0
DA:265,0
DA:267,0
DA:269,0
DA:270,0
DA:273,0
DA:275,0
DA:276,0
DA:277,0
DA:278,0
DA:279,0
DA:280,0
DA:281,0
DA:282,0
DA:283,0
DA:284,0
DA:285,0
DA:286,0
DA:287,0
DA:288,0
DA:290,0
DA:292,0
DA:293,0
DA:294,0
DA:295,0
DA:296,1
LF:233
LH:19
BRF:0
BRH:0
end_of_record
TN:
SF:src/decorators/DecorationBuilder.ts
FN:1,(empty-report)
FNF:1
FNH:0
FNDA:0,(empty-report)
DA:1,0
DA:3,0
DA:6,0
DA:7,0
DA:8,0
DA:9,0
DA:10,0
DA:11,0
DA:22,0
DA:23,0
DA:24,0
DA:25,0
DA:26,0
DA:27,0
DA:28,0
DA:30,0
DA:31,0
DA:32,0
DA:33,0
DA:34,0
DA:35,0
DA:37,0
DA:38,0
DA:39,0
DA:40,0
DA:41,0
DA:42,0
DA:43,0
DA:44,0
DA:46,0
DA:47,0
DA:48,0
DA:53,0
DA:54,0
DA:55,0
DA:56,0
DA:57,0
DA:58,0
DA:59,0
DA:61,0
DA:62,0
DA:63,0
DA:64,0
DA:65,0
DA:67,0
DA:68,0
DA:70,0
DA:71,0
DA:84,0
DA:85,0
DA:86,0
DA:87,0
DA:88,0
DA:96,0
DA:97,0
DA:99,0
DA:100,0
DA:101,0
DA:102,0
DA:103,0
DA:105,0
DA:106,0
DA:107,0
DA:111,0
DA:112,0
DA:113,0
DA:114,0
DA:115,0
DA:117,0
DA:118,0
DA:119,0
DA:122,0
DA:123,0
DA:124,0
DA:127,0
DA:128,0
DA:129,0
DA:130,0
DA:132,0
DA:133,0
DA:134,0
DA:135,0
DA:136,0
DA:137,0
DA:138,0
DA:139,0
DA:140,0
DA:141,0
DA:142,0
DA:143,0
DA:145,0
DA:146,0
DA:147,0
DA:149,0
DA:150,0
DA:151,0
DA:153,0
DA:154,0
DA:159,0
DA:160,0
DA:161,0
DA:162,0
DA:163,0
DA:164,0
DA:165,0
DA:166,0
DA:171,0
DA:172,0
DA:173,0
DA:176,0
DA:177,0
DA:178,0
DA:179,0
DA:180,0
DA:181,0
DA:182,0
DA:183,0
DA:186,0
DA:187,0
DA:188,0
DA:190,0
DA:192,0
DA:193,0
DA:194,0
DA:195,0
DA:196,0
DA:197,0
DA:198,0
DA:199,0
DA:200,0
DA:201,0
DA:202,0
DA:203,0
DA:204,0
DA:205,0
DA:206,0
DA:209,0
DA:210,0
DA:211,0
DA:212,0
DA:217,0
DA:218,0
DA:219,0
DA:220,0
DA:221,0
DA:223,0
DA:224,0
DA:225,0
DA:226,0
DA:227,0
DA:228,0
DA:229,0
DA:230,0
DA:231,0
DA:232,0
DA:233,0
DA:234,0
DA:235,0
DA:236,0
DA:237,0
DA:239,0
DA:240,0
DA:245,0
DA:246,0
DA:247,0
DA:248,0
DA:249,0
DA:250,0
DA:251,0
DA:252,0
DA:253,0
DA:254,0
DA:257,0
DA:260,0
DA:261,0
DA:262,0
DA:265,0
DA:266,0
DA:267,0
DA:268,0
DA:269,0
DA:270,0
DA:273,0
DA:274,0
DA:275,0
DA:276,0
DA:277,0
DA:278,0
DA:279,0
DA:282,0
DA:285,0
DA:288,0
DA:291,0
DA:292,0
DA:293,0
DA:294,0
DA:295,0
DA:296,0
DA:297,0
DA:298,0
DA:299,0
DA:300,0
DA:301,0
DA:305,0
DA:306,0
DA:307,0
DA:310,0
DA:311,0
DA:312,0
DA:313,0
DA:316,0
DA:319,0
DA:321,0
DA:324,0
DA:325,0
DA:326,0
DA:327,0
DA:328,0
DA:329,0
DA:330,0
DA:331,0
DA:332,0
DA:333,0
DA:334,0
DA:335,0
DA:336,0
DA:339,0
DA:340,0
DA:341,0
DA:342,0
DA:343,0
DA:344,0
DA:345,0
DA:346,0
DA:347,0
DA:348,0
DA:349,0
DA:350,0
DA:351,0
DA:353,0
DA:354,0
DA:357,0
DA:358,0
DA:359,0
DA:362,0
DA:363,0
DA:364,0
DA:367,0
DA:368,0
DA:369,0
DA:371,0
DA:372,0
LF:252
LH:0
BRDA:1,0,0,0
BRF:1
BRH:0
end_of_record
TN:
SF:src/decorators/FrontmatterParser.ts
FN:1,(empty-report)
FNF:1
FNH:1
FNDA:1,(empty-report)
DA:20,0
DA:21,0
DA:24,0
DA:25,0
DA:26,0
DA:29,0
DA:30,0
DA:31,0
DA:32,0
DA:33,0
DA:34,0
DA:35,0
DA:36,0
DA:38,0
DA:39,0
DA:40,0
DA:43,0
DA:46,0
DA:48,0
DA:50,0
DA:51,0
DA:52,0
DA:53,0
DA:54,0
DA:55,0
DA:56,0
DA:59,0
DA:60,0
DA:61,0
DA:62,0
DA:63,0
DA:64,0
DA:65,0
DA:68,0
DA:69,0
DA:70,0
DA:71,0
DA:72,0
DA:73,0
DA:74,0
DA:77,0
DA:78,0
DA:79,0
DA:80,0
DA:81,0
DA:82,0
DA:83,0
DA:86,0
DA:87,0
DA:88,0
DA:89,0
DA:90,0
DA:91,0
DA:92,0
DA:95,0
DA:96,0
DA:97,0
DA:98,0
DA:99,0
DA:100,0
DA:101,0
DA:104,0
DA:105,0
DA:106,0
DA:108,0
DA:109,0
DA:110,0
DA:111,0
DA:112,0
DA:115,0
DA:117,0
DA:118,0
DA:125,0
DA:126,0
DA:127,0
DA:128,0
LF:76
LH:0
BRDA:1,0,0,1
BRF:1
BRH:1
end_of_record
TN:
SF:src/decorators/MetadataEnricher.ts
FN:1,(empty-report)
FNF:1
FNH:1
FNDA:1,(empty-report)
DA:5,0
DA:6,0
DA:7,0
DA:8,0
DA:10,0
DA:11,0
DA:12,0
DA:17,0
DA:18,0
DA:19,0
DA:25,0
DA:26,0
DA:29,0
DA:30,0
DA:31,0
DA:32,0
DA:33,0
DA:34,0
DA:35,0
DA:36,0
DA:37,0
DA:39,0
DA:40,0
DA:41,0
DA:42,0
DA:45,0
DA:47,0
DA:48,0
DA:54,0
DA:55,0
DA:59,0
DA:61,0
DA:62,0
DA:64,0
DA:66,0
DA:67,0
DA:68,0
DA:71,0
DA:72,0
DA:74,0
DA:75,0
DA:76,0
DA:77,0
DA:78,0
DA:80,0
DA:81,0
DA:83,0
DA:84,0
DA:87,0
DA:88,0
DA:89,0
DA:91,0
DA:92,0
LF:53
LH:0
BRDA:1,0,0,1
BRF:1
BRH:1
end_of_record
TN:
SF:src/decorators/PreviewWidget.ts
FN:1,(empty-report)
FNF:1
FNH:0
FNDA:0,(empty-report)
DA:1,0
DA:3,0
DA:8,0
DA:9,0
DA:10,0
DA:11,0
DA:13,0
DA:14,0
DA:15,0
DA:16,0
DA:19,0
DA:20,0
DA:21,0
DA:22,0
DA:23,0
DA:25,0
DA:30,0
DA:31,0
DA:32,0
DA:34,0
DA:35,0
DA:36,0
DA:38,0
DA:39,0
DA:40,0
DA:41,0
DA:47,0
DA:48,0
DA:49,0
DA:50,0
DA:51,0
DA:52,0
DA:53,0
DA:54,0
DA:55,0
DA:56,0
DA:57,0
DA:58,0
DA:59,0
DA:60,0
DA:62,0
DA:63,0
DA:66,0
DA:67,0
DA:68,0
DA:70,0
DA:71,0
DA:73,0
DA:74,0
DA:75,0
DA:76,0
DA:77,0
DA:80,0
DA:83,0
DA:86,0
DA:87,0
DA:88,0
DA:89,0
DA:92,0
DA:93,0
DA:94,0
DA:95,0
DA:96,0
DA:99,0
DA:100,0
DA:101,0
DA:102,0
DA:103,0
DA:106,0
DA:107,0
DA:108,0
DA:109,0
DA:113,0
DA:114,0
DA:117,0
DA:118,0
DA:119,0
DA:120,0
DA:121,0
DA:122,0
DA:125,0
DA:126,0
DA:127,0
DA:129,0
DA:130,0
DA:132,0
DA:133,0
DA:134,0
DA:137,0
DA:138,0
DA:141,0
DA:143,0
DA:144,0
DA:145,0
DA:146,0
DA:147,0
DA:149,0
DA:152,0
DA:153,0
DA:154,0
DA:156,0
DA:157,0
DA:162,0
DA:163,0
DA:165,0
DA:166,0
DA:167,0
DA:168,0
DA:171,0
DA:172,0
DA:173,0
DA:174,0
DA:175,0
DA:176,0
DA:177,0
DA:178,0
DA:179,0
DA:180,0
DA:183,0
DA:184,0
DA:185,0
DA:186,0
DA:187,0
DA:188,0
DA:194,0
DA:195,0
DA:196,0
DA:199,0
DA:200,0
DA:201,0
DA:202,0
DA:203,0
DA:204,0
DA:205,0
DA:206,0
DA:208,0
DA:209,0
DA:210,0
DA:211,0
DA:212,0
DA:213,0
DA:214,0
DA:219,0
DA:220,0
DA:222,0
DA:223,0
DA:225,0
DA:226,0
DA:227,0
DA:228,0
DA:229,0
DA:230,0
DA:231,0
DA:233,0
DA:234,0
DA:235,0
DA:236,0
DA:237,0
DA:239,0
DA:240,0
DA:241,0
DA:242,0
DA:243,0
DA:244,0
DA:245,0
DA:247,0
DA:248,0
DA:249,0
DA:250,0
DA:251,0
DA:252,0
DA:254,0
DA:255,0
DA:256,0
DA:257,0
DA:258,0
DA:260,0
DA:261,0
DA:262,0
DA:263,0
DA:264,0
DA:265,0
DA:266,0
DA:267,0
DA:268,0
DA:273,0
DA:274,0
DA:277,0
DA:278,0
DA:279,0
DA:280,0
DA:283,0
DA:284,0
DA:285,0
DA:288,0
DA:289,0
DA:290,0
DA:291,0
DA:292,0
DA:294,0
DA:295,0
DA:296,0
DA:298,0
DA:299,0
DA:300,0
DA:301,0
DA:302,0
DA:312,0
DA:314,0
DA:315,0
DA:316,0
DA:318,0
DA:319,0
DA:320,0
DA:321,0
DA:322,0
DA:323,0
DA:324,0
DA:325,0
DA:326,0
DA:327,0
DA:329,0
DA:331,0
DA:333,0
DA:334,0
DA:335,0
LF:226
LH:0
BRDA:1,0,0,0
BRF:1
BRH:0
end_of_record
TN:
SF:src/decorators/UrlMatcher.ts
FN:1,(empty-report)
FNF:1
FNH:1
FNDA:1,(empty-report)
DA:2,0
DA:18,0
DA:19,0
DA:22,0
DA:23,0
DA:24,0
DA:27,0
DA:28,0
DA:29,0
DA:31,0
DA:32,0
DA:39,0
DA:41,0
DA:42,0
DA:45,0
DA:47,0
DA:49,0
DA:50,0
DA:51,0
DA:54,0
DA:56,0
DA:58,0
DA:61,0
DA:62,0
DA:63,0
DA:64,0
DA:65,0
DA:68,0
DA:69,0
DA:70,0
DA:71,0
DA:72,0
DA:73,0
DA:74,0
DA:76,0
DA:77,0
DA:82,0
DA:83,0
DA:84,0
DA:86,0
DA:87,0
DA:88,0
DA:89,0
DA:90,0
DA:92,0
DA:93,0
DA:94,0
DA:95,0
DA:96,0
DA:97,0
DA:98,0
DA:99,0
DA:104,0
DA:105,0
DA:106,0
DA:108,0
DA:109,0
DA:110,0
DA:111,0
DA:112,0
DA:113,0
DA:116,0
DA:117,0
DA:118,0
DA:120,0
DA:121,0
DA:122,0
DA:123,0
DA:124,0
DA:125,0
DA:126,0
DA:127,0
DA:128,0
DA:134,0
DA:135,0
DA:136,0
DA:138,0
DA:139,0
DA:140,0
DA:141,0
DA:144,0
DA:145,0
DA:146,0
DA:148,0
DA:149,0
DA:150,0
DA:151,0
DA:152,0
DA:153,0
DA:154,0
DA:155,0
DA:158,0
DA:159,0
DA:160,0
DA:161,0
DA:162,0
DA:163,0
DA:166,0
DA:167,0
DA:168,0
DA:170,0
DA:171,0
DA:172,0
DA:173,0
DA:174,0
DA:175,0
DA:176,0
DA:177,0
DA:182,0
DA:183,0
DA:184,0
LF:111
LH:0
BRDA:1,0,0,1
BRF:1
BRH:1
end_of_record
TN:
SF:src/editor/faviconDecorator.ts
FN:1,(empty-report)
FNF:1
FNH:0
FNDA:0,(empty-report)
DA:1,0
DA:2,0
DA:3,0
DA:8,0
DA:10,0
DA:11,0
DA:12,0
DA:13,0
DA:15,0
DA:16,0
DA:17,0
DA:18,0
DA:19,0
DA:20,0
DA:21,0
DA:23,0
DA:24,0
DA:25,0
DA:27,0
DA:28,0
DA:29,0
DA:30,0
DA:32,0
DA:33,0
DA:34,0
DA:35,0
DA:36,0
DA:37,0
DA:39,0
DA:40,0
DA:42,0
DA:43,0
DA:44,0
DA:46,0
DA:47,0
DA:48,0
DA:49,0
DA:50,0
DA:52,0
DA:54,0
DA:55,0
DA:56,0
DA:57,0
DA:59,0
DA:60,0
DA:61,0
DA:62,0
DA:63,0
DA:66,0
DA:67,0
DA:68,0
DA:69,0
DA:71,0
DA:72,0
DA:73,0
DA:76,0
DA:77,0
DA:79,0
DA:80,0
DA:81,0
DA:84,0
DA:86,0
DA:89,0
DA:90,0
DA:91,0
DA:92,0
DA:93,0
DA:94,0
DA:95,0
DA:96,0
DA:97,0
DA:98,0
DA:100,0
DA:101,0
DA:103,0
DA:104,0
DA:105,0
DA:106,0
DA:108,0
DA:110,0
DA:111,0
DA:112,0
DA:113,0
DA:114,0
DA:115,0
DA:116,0
DA:117,0
DA:118,0
DA:120,0
DA:121,0
DA:122,0
DA:124,0
DA:125,0
DA:126,0
DA:127,0
DA:128,0
DA:129,0
DA:130,0
DA:131,0
LF:99
LH:0
BRDA:1,0,0,0
BRF:1
BRH:0
end_of_record
TN:
SF:src/editor/urlPreviewDecorator.ts
FN:1,(empty-report)
FNF:1
FNH:0
FNDA:0,(empty-report)
DA:1,0
DA:2,0
DA:3,0
DA:6,0
DA:9,0
DA:14,0
DA:15,0
DA:16,0
DA:17,0
DA:18,0
DA:19,0
DA:21,0
DA:22,0
DA:24,0
DA:25,0
DA:26,0
DA:28,0
DA:29,0
DA:30,0
DA:31,0
DA:32,0
DA:34,0
DA:36,0
DA:37,0
DA:38,0
DA:41,0
DA:44,0
DA:45,0
DA:46,0
DA:47,0
DA:48,0
DA:49,0
DA:50,0
DA:51,0
DA:52,0
DA:53,0
DA:55,0
DA:56,0
DA:59,0
DA:60,0
DA:61,0
DA:62,0
DA:64,0
DA:66,0
DA:69,0
DA:70,0
DA:71,0
DA:72,0
DA:73,0
DA:74,0
DA:75,0
DA:78,0
DA:81,0
DA:82,0
DA:83,0
DA:85,0
DA:86,0
DA:88,0
DA:89,0
DA:90,0
DA:91,0
DA:94,0
DA:95,0
DA:96,0
DA:98,0
DA:100,0
DA:103,0
DA:104,0
DA:105,0
DA:106,0
DA:108,0
DA:109,0
DA:110,0
DA:112,0
DA:113,0
DA:114,0
DA:115,0
DA:116,0
DA:117,0
DA:118,0
DA:119,0
LF:81
LH:0
BRDA:1,0,0,0
BRF:1
BRH:0
end_of_record
TN:
SF:src/services/FaviconResolver.ts
FN:11,FaviconResolver
FN:17,setPersistentCache
FN:21,clearValidationCache
FN:28,resolveFavicon
FN:75,buildGoogleFaviconUrl
FN:92,buildNativeFaviconUrl
FN:104,validateFavicon
FN:154,deriveFaviconFromUrl
FNF:8
FNH:7
FNDA:70,FaviconResolver
FNDA:1,setPersistentCache
FNDA:3,clearValidationCache
FNDA:50,resolveFavicon
FNDA:50,buildGoogleFaviconUrl
FNDA:18,buildNativeFaviconUrl
FNDA:0,validateFavicon
FNDA:18,deriveFaviconFromUrl
DA:7,1
DA:8,1
DA:9,1
DA:11,1
DA:12,70
DA:13,70
DA:14,70
DA:15,70
DA:17,1
DA:18,1
DA:19,1
DA:21,1
DA:22,3
DA:23,3
DA:28,1
DA:29,50
DA:30,50
DA:31,50
DA:34,50
DA:35,0
DA:36,0
DA:37,0
DA:38,0
DA:39,0
DA:43,50
DA:44,50
DA:45,50
DA:46,0
DA:47,0
DA:48,50
DA:49,50
DA:52,0
DA:53,0
DA:55,0
DA:56,0
DA:57,0
DA:58,0
DA:59,0
DA:60,0
DA:62,0
DA:63,0
DA:64,0
DA:65,0
DA:66,0
DA:67,0
DA:68,0
DA:69,50
DA:75,1
DA:76,50
DA:77,50
DA:78,0
DA:79,0
DA:82,50
DA:83,50
DA:84,50
DA:85,50
DA:86,50
DA:87,50
DA:92,1
DA:93,18
DA:94,18
DA:95,18
DA:96,18
DA:97,0
DA:98,0
DA:99,18
DA:104,1
DA:105,0
DA:106,0
DA:107,0
DA:109,0
DA:110,0
DA:111,0
DA:112,0
DA:114,0
DA:115,0
DA:116,0
DA:118,0
DA:119,0
DA:120,0
DA:121,0
DA:123,0
DA:124,0
DA:125,0
DA:126,0
DA:128,0
DA:129,0
DA:130,0
DA:131,0
DA:132,0
DA:133,0
DA:134,0
DA:135,0
DA:136,0
DA:138,0
DA:139,0
DA:140,0
DA:141,0
DA:142,0
DA:144,0
DA:145,0
DA:147,0
DA:148,0
DA:149,0
DA:154,1
DA:155,18
DA:156,18
DA:157,18
DA:158,0
DA:159,0
DA:160,18
DA:161,1
LF:112
LH:47
BRDA:11,0,0,70
BRDA:17,1,0,1
BRDA:21,2,0,3
BRDA:28,3,0,50
BRDA:34,4,0,0
BRDA:45,5,0,0
BRDA:49,6,0,0
BRDA:75,7,0,50
BRDA:77,8,0,0
BRDA:92,9,0,18
BRDA:96,10,0,0
BRDA:154,11,0,18
BRDA:157,12,0,0
BRF:13
BRH:7
end_of_record
TN:
SF:src/services/HtmlParser.ts
FN:20,parseHtmlMetadata
FN:41,parseWithDomParser
FN:89,parseWithRegex
FN:124,extractJsonLdMetadata
FN:149,searchJsonLd
FN:184,extractString
FN:197,pickFirstNonEmpty
FN:210,sanitizeText
FN:222,resolveFaviconCandidate
FN:239,sanitizeFavicon
FN:255,buildNativeFaviconUrl
FNF:11
FNH:9
FNDA:38,parseHtmlMetadata
FNDA:38,parseWithDomParser
FNDA:0,parseWithRegex
FNDA:38,extractJsonLdMetadata
FNDA:4,searchJsonLd
FNDA:6,extractString
FNDA:114,pickFirstNonEmpty
FNDA:45,sanitizeText
FNDA:38,resolveFaviconCandidate
FNDA:0,sanitizeFavicon
FNDA:38,buildNativeFaviconUrl
DA:1,1
DA:16,1
DA:20,1
DA:21,38
DA:23,38
DA:24,38
DA:25,38
DA:26,38
DA:27,0
DA:28,0
DA:29,38
DA:31,38
DA:32,0
DA:33,0
DA:35,38
DA:36,38
DA:41,1
DA:42,38
DA:43,38
DA:45,38
DA:46,38
DA:47,38
DA:48,38
DA:49,38
DA:50,38
DA:51,38
DA:53,38
DA:54,38
DA:55,38
DA:56,38
DA:57,38
DA:59,38
DA:60,38
DA:61,38
DA:62,38
DA:64,38
DA:65,38
DA:66,2
DA:67,2
DA:69,38
DA:70,1
DA:71,1
DA:73,38
DA:74,38
DA:75,38
DA:76,38
DA:78,38
DA:79,38
DA:80,38
DA:81,38
DA:82,38
DA:83,38
DA:84,38
DA:89,1
DA:90,0
DA:92,0
DA:93,0
DA:94,0
DA:95,0
DA:97,0
DA:98,0
DA:99,0
DA:100,0
DA:101,0
DA:102,0
DA:104,0
DA:105,0
DA:106,0
DA:107,0
DA:108,0
DA:109,0
DA:111,0
DA:112,0
DA:113,0
DA:114,0
DA:115,0
DA:116,0
DA:118,0
DA:119,0
DA:124,1
DA:125,38
DA:126,38
DA:127,3
DA:128,3
DA:129,0
DA:130,0
DA:132,3
DA:133,3
DA:134,3
DA:135,3
DA:136,2
DA:137,2
DA:138,3
DA:139,1
DA:140,1
DA:141,3
DA:143,36
DA:144,38
DA:149,1
DA:150,4
DA:151,0
DA:152,0
DA:154,4
DA:155,1
DA:156,1
DA:157,1
DA:158,1
DA:159,1
DA:160,1
DA:161,0
DA:162,0
DA:164,3
DA:165,3
DA:166,3
DA:167,4
DA:168,2
DA:169,2
DA:171,1
DA:172,1
DA:173,1
DA:174,1
DA:175,1
DA:176,1
DA:178,0
DA:179,4
DA:184,1
DA:185,6
DA:186,11
DA:187,11
DA:188,3
DA:189,3
DA:190,11
DA:191,3
DA:192,6
DA:197,1
DA:198,114
DA:199,336
DA:200,45
DA:201,45
DA:202,336
DA:204,69
DA:205,114
DA:210,1
DA:211,45
DA:212,0
DA:213,0
DA:215,45
DA:216,45
DA:217,45
DA:222,1
DA:223,38
DA:224,0
DA:225,0
DA:226,0
DA:227,0
DA:228,0
DA:229,0
DA:230,0
DA:231,0
DA:233,38
DA:234,38
DA:239,1
DA:240,0
DA:241,0
DA:242,0
DA:244,0
DA:245,0
DA:246,0
DA:247,0
DA:248,0
DA:249,0
DA:250,0
DA:255,1
DA:256,38
DA:257,38
DA:258,38
DA:259,38
DA:260,0
DA:261,0
DA:262,38
DA:263,1
LF:181
LH:123
BRDA:20,0,0,38
BRDA:26,1,0,0
BRDA:31,2,0,0
BRDA:41,3,0,38
BRDA:46,4,0,2
BRDA:47,5,0,2
BRDA:48,6,0,0
BRDA:50,7,0,32
BRDA:54,8,0,2
BRDA:55,9,0,2
BRDA:56,10,0,7
BRDA:60,11,0,1
BRDA:61,12,0,0
BRDA:65,13,0,2
BRDA:69,14,0,1
BRDA:124,15,0,38
BRDA:126,16,0,3
BRDA:128,17,0,0
BRDA:135,18,0,2
BRDA:135,19,0,0
BRDA:135,20,0,2
BRDA:138,21,0,1
BRDA:141,22,0,36
BRDA:149,23,0,4
BRDA:150,24,0,0
BRDA:154,25,0,1
BRDA:160,26,0,0
BRDA:162,27,0,3
BRDA:167,28,0,1
BRDA:167,29,0,2
BRDA:168,30,0,0
BRDA:168,31,0,1
BRDA:169,32,0,1
BRDA:176,33,0,0
BRDA:184,34,0,6
BRDA:185,35,0,11
BRDA:187,36,0,3
BRDA:187,37,0,3
BRDA:190,38,0,3
BRDA:197,39,0,114
BRDA:198,40,0,336
BRDA:199,41,0,45
BRDA:199,42,0,45
BRDA:202,43,0,69
BRDA:210,44,0,45
BRDA:211,45,0,0
BRDA:216,46,0,0
BRDA:222,47,0,38
BRDA:223,48,0,0
BRDA:255,49,0,38
BRDA:259,50,0,0
BRF:51
BRH:37
end_of_record
TN:
SF:src/services/MetadataFetcher.ts
FN:14,MetadataFetcher
FN:16,updateOptions
FN:23,buildRequestHeaders
FN:35,fetchUrl
FN:63,performRequest
FN:96,getHeader
FNF:6
FNH:5
FNDA:70,MetadataFetcher
FNDA:2,updateOptions
FNDA:50,buildRequestHeaders
FNDA:50,fetchUrl
FNDA:0,performRequest
FNDA:88,getHeader
DA:1,1
DA:13,1
DA:14,1
DA:16,1
DA:17,2
DA:18,2
DA:23,1
DA:24,50
DA:25,50
DA:26,50
DA:27,50
DA:28,50
DA:29,50
DA:30,50
DA:35,1
DA:36,50
DA:37,50
DA:39,50
DA:40,1
DA:41,1
DA:43,49
DA:44,49
DA:45,49
DA:46,49
DA:47,0
DA:48,49
DA:49,49
DA:51,49
DA:52,45
DA:53,50
DA:54,49
DA:55,49
DA:56,49
DA:57,49
DA:58,50
DA:63,1
DA:64,0
DA:65,0
DA:66,0
DA:67,0
DA:69,0
DA:70,0
DA:72,0
DA:73,0
DA:74,0
DA:76,0
DA:77,0
DA:78,0
DA:79,0
DA:80,0
DA:81,0
DA:82,0
DA:84,0
DA:85,0
DA:86,0
DA:87,0
DA:88,0
DA:89,0
DA:90,0
DA:91,0
DA:96,1
DA:97,88
DA:98,88
DA:99,88
DA:100,41
DA:101,41
DA:102,47
DA:103,88
DA:104,41
DA:105,1
DA:106,1
DA:107,41
DA:108,46
DA:109,88
DA:110,1
LF:75
LH:50
BRDA:14,0,0,70
BRDA:16,1,0,2
BRDA:23,2,0,50
BRDA:35,3,0,50
BRDA:39,4,0,1
BRDA:41,5,0,49
BRDA:51,6,0,45
BRDA:53,7,0,49
BRDA:45,8,0,49
BRDA:96,9,0,88
BRDA:97,10,0,0
BRDA:99,11,0,41
BRDA:101,12,0,47
BRDA:103,13,0,41
BRDA:104,14,0,1
BRDA:107,15,0,46
BRF:16
BRH:15
end_of_record
TN:
SF:src/services/MetadataValidator.ts
FN:14,isSoft404
FNF:1
FNH:1
FNDA:37,isSoft404
DA:6,1
DA:14,1
DA:15,37
DA:16,37
DA:17,37
DA:20,37
DA:21,2
DA:22,1
DA:23,0
DA:24,2
DA:25,2
DA:26,2
DA:27,2
DA:30,37
DA:31,1
DA:32,0
DA:33,0
DA:34,1
DA:35,1
DA:36,1
DA:37,1
DA:41,34
DA:42,34
DA:43,34
DA:44,34
DA:45,34
DA:46,34
DA:49,37
DA:50,130
DA:51,128
DA:52,127
DA:53,127
DA:54,130
DA:55,3
DA:56,3
DA:57,130
DA:59,31
DA:60,37
DA:61,1
LF:39
LH:36
BRDA:14,0,0,37
BRDA:16,1,0,3
BRDA:17,2,0,28
BRDA:20,3,0,2
BRDA:21,4,0,1
BRDA:22,5,0,0
BRDA:23,6,0,0
BRDA:27,7,0,35
BRDA:30,8,0,34
BRDA:30,9,0,1
BRDA:31,10,0,0
BRDA:32,11,0,0
BRDA:33,12,0,0
BRDA:37,13,0,34
BRDA:49,14,0,130
BRDA:50,15,0,128
BRDA:51,16,0,127
BRDA:52,17,0,127
BRDA:53,18,0,127
BRDA:54,19,0,3
BRDA:57,20,0,31
BRF:21
BRH:16
end_of_record
TN:
SF:src/services/faviconCache.ts
FN:56,FaviconCache
FN:66,isValidCacheData
FN:86,load
FN:107,get
FN:136,set
FN:161,has
FN:168,clear
FN:177,cleanExpired
FN:196,markDirty
FN:205,scheduleSave
FN:221,flush
FN:240,getStats
FNF:12
FNH:12
FNDA:45,FaviconCache
FNDA:9,isValidCacheData
FNDA:11,load
FNDA:33,get
FNDA:45,set
FNDA:4,has
FNDA:3,clear
FNDA:9,cleanExpired
FNDA:49,markDirty
FNDA:49,scheduleSave
FNDA:12,flush
FNDA:22,getStats
DA:16,1
DA:43,1
DA:44,1
DA:45,1
DA:46,1
DA:47,1
DA:48,1
DA:49,1
DA:56,1
DA:57,45
DA:58,45
DA:59,45
DA:66,1
DA:67,9
DA:68,0
DA:69,0
DA:71,9
DA:72,9
DA:73,14
DA:74,14
DA:75,14
DA:76,14
DA:77,14
DA:78,14
DA:79,9
DA:80,9
DA:86,1
DA:87,11
DA:88,11
DA:89,11
DA:90,9
DA:91,9
DA:92,9
DA:93,9
DA:94,9
DA:95,9
DA:96,11
DA:97,1
DA:98,1
DA:99,1
DA:100,11
DA:107,1
DA:109,33
DA:110,17
DA:111,17
DA:114,16
DA:115,33
DA:117,6
DA:119,6
DA:120,6
DA:121,6
DA:123,0
DA:124,0
DA:125,0
DA:126,6
DA:128,10
DA:129,33
DA:136,1
DA:138,45
DA:141,45
DA:142,40
DA:143,40
DA:144,40
DA:145,40
DA:146,40
DA:147,45
DA:149,5
DA:150,1
DA:151,1
DA:152,1
DA:153,5
DA:154,45
DA:161,1
DA:162,4
DA:163,4
DA:168,1
DA:169,3
DA:170,3
DA:171,3
DA:172,3
DA:177,1
DA:178,9
DA:179,9
DA:181,9
DA:182,14
DA:183,6
DA:184,6
DA:185,6
DA:186,14
DA:188,9
DA:189,5
DA:190,5
DA:191,9
DA:196,1
DA:197,49
DA:198,49
DA:199,49
DA:205,1
DA:207,49
DA:208,20
DA:209,20
DA:211,49
DA:212,7
DA:213,7
DA:214,49
DA:215,49
DA:221,1
DA:222,12
DA:223,3
DA:224,3
DA:226,9
DA:227,9
DA:228,9
DA:229,9
DA:230,8
DA:231,12
DA:232,1
DA:233,1
DA:234,12
DA:240,1
DA:241,22
DA:242,22
DA:244,22
DA:245,29
DA:246,15
DA:247,15
DA:248,29
DA:250,22
DA:251,22
DA:252,1
LF:130
LH:125
BRDA:56,0,0,45
BRDA:66,1,0,9
BRDA:67,2,0,0
BRDA:72,3,0,14
BRDA:86,4,0,11
BRDA:88,5,0,10
BRDA:89,6,0,9
BRDA:96,7,0,1
BRDA:107,8,0,33
BRDA:109,9,0,17
BRDA:111,10,0,16
BRDA:115,11,0,6
BRDA:121,12,0,0
BRDA:126,13,0,10
BRDA:136,14,0,45
BRDA:141,15,0,40
BRDA:147,16,0,5
BRDA:149,17,0,1
BRDA:161,18,0,4
BRDA:168,19,0,3
BRDA:177,20,0,9
BRDA:181,21,0,14
BRDA:182,22,0,6
BRDA:188,23,0,5
BRDA:196,24,0,49
BRDA:205,25,0,49
BRDA:207,26,0,20
BRDA:211,27,0,7
BRDA:221,28,0,12
BRDA:222,29,0,3
BRDA:224,30,0,9
BRDA:229,31,0,8
BRDA:231,32,0,1
BRDA:240,33,0,22
BRDA:244,34,0,29
BRDA:245,35,0,16
BRDA:245,36,0,15
BRF:37
BRH:35
end_of_record
TN:
SF:src/services/linkPreviewService.ts
FN:58,LinkPreviewService
FN:84,setPersistentFaviconCache
FN:92,updateSettings
FN:101,updateOptions
FN:113,registerMetadataHandler
FN:120,clearCache
FN:130,hasCachedMetadata
FN:139,getCachedMetadata
FN:147,getCacheStats
FN:162,getMetadata
FN:198,fetchMetadataWithTracking
FN:207,normalizeUrl
FN:211,fetchMetadata
FN:285,parseUrl
FN:293,ensureTitle
FN:307,sanitizeText
FN:316,buildFallbackMetadata
FN:324,finalizeMetadata
FN:336,applyMetadataHandlers
FN:346,request
FN:347,sanitizeText
FNF:21
FNH:16
FNDA:70,LinkPreviewService
FNDA:1,setPersistentFaviconCache
FNDA:1,updateSettings
FNDA:2,updateOptions
FNDA:1,registerMetadataHandler
FNDA:3,clearCache
FNDA:0,hasCachedMetadata
FNDA:0,getCachedMetadata
FNDA:0,getCacheStats
FNDA:53,getMetadata
FNDA:50,fetchMetadataWithTracking
FNDA:53,normalizeUrl
FNDA:50,fetchMetadata
FNDA:50,parseUrl
FNDA:71,ensureTitle
FNDA:121,sanitizeText
FNDA:18,buildFallbackMetadata
FNDA:50,finalizeMetadata
FNDA:50,applyMetadataHandlers
FNDA:0,request
FNDA:0,sanitizeText
DA:17,1
DA:22,1
DA:25,1
DA:26,1
DA:27,1
DA:28,1
DA:29,1
DA:30,1
DA:45,1
DA:49,1
DA:50,1
DA:58,1
DA:59,70
DA:60,70
DA:61,70
DA:62,70
DA:63,70
DA:64,70
DA:67,70
DA:70,70
DA:71,70
DA:72,70
DA:73,70
DA:74,70
DA:75,70
DA:76,70
DA:77,70
DA:78,70
DA:84,1
DA:85,1
DA:86,1
DA:92,1
DA:93,1
DA:94,1
DA:101,1
DA:102,2
DA:103,2
DA:104,2
DA:105,2
DA:106,2
DA:107,2
DA:113,1
DA:114,1
DA:115,1
DA:120,1
DA:121,3
DA:122,3
DA:123,3
DA:130,1
DA:131,0
DA:132,0
DA:139,1
DA:140,0
DA:141,0
DA:147,1
DA:148,0
DA:149,0
DA:162,1
DA:163,53
DA:166,53
DA:167,53
DA:168,3
DA:169,3
DA:172,50
DA:173,53
DA:174,0
DA:175,0
DA:178,53
DA:179,0
DA:180,0
DA:183,50
DA:184,50
DA:186,50
DA:187,50
DA:188,50
DA:189,50
DA:190,50
DA:191,50
DA:192,50
DA:193,53
DA:198,1
DA:199,50
DA:200,50
DA:201,50
DA:202,50
DA:203,50
DA:204,50
DA:205,50
DA:207,1
DA:208,53
DA:209,53
DA:211,1
DA:212,50
DA:213,50
DA:216,50
DA:217,4
DA:218,4
DA:219,2
DA:220,2
DA:222,2
DA:223,2
DA:225,50
DA:226,50
DA:229,50
DA:230,50
DA:232,6
DA:233,50
DA:235,38
DA:239,38
DA:240,38
DA:241,6
DA:242,6
DA:245,32
DA:246,38
DA:247,38
DA:248,38
DA:249,38
DA:250,38
DA:252,38
DA:253,38
DA:254,50
DA:255,12
DA:258,12
DA:259,10
DA:260,10
DA:261,10
DA:262,12
DA:265,12
DA:266,12
DA:267,12
DA:268,12
DA:269,12
DA:270,12
DA:272,12
DA:273,12
DA:274,12
DA:275,12
DA:276,12
DA:277,12
DA:280,0
DA:281,0
DA:282,0
DA:283,50
DA:285,1
DA:286,50
DA:287,50
DA:288,50
DA:289,0
DA:290,0
DA:291,50
DA:293,1
DA:294,71
DA:295,71
DA:296,50
DA:297,50
DA:299,21
DA:300,21
DA:301,71
DA:302,71
DA:303,0
DA:304,0
DA:305,71
DA:307,1
DA:308,121
DA:309,62
DA:310,62
DA:312,59
DA:313,121
DA:314,121
DA:316,1
DA:317,18
DA:318,18
DA:319,18
DA:320,18
DA:321,18
DA:322,18
DA:324,1
DA:325,50
DA:327,50
DA:329,50
DA:330,50
DA:332,50
DA:333,50
DA:334,50
DA:336,1
DA:337,50
DA:338,50
DA:339,0
DA:340,0
DA:342,50
DA:343,50
DA:344,50
DA:345,50
DA:346,50
DA:347,50
DA:348,50
DA:349,50
DA:351,50
DA:352,5
DA:353,5
DA:354,4
DA:355,3
DA:356,5
DA:357,1
DA:358,1
DA:359,1
DA:360,1
DA:361,1
DA:362,1
DA:363,5
DA:364,50
DA:365,1
LF:212
LH:193
BRDA:58,0,0,70
BRDA:84,1,0,1
BRDA:92,2,0,1
BRDA:101,3,0,2
BRDA:113,4,0,1
BRDA:120,5,0,3
BRDA:162,6,0,53
BRDA:167,7,0,3
BRDA:169,8,0,50
BRDA:173,9,0,0
BRDA:175,10,0,50
BRDA:178,11,0,0
BRDA:180,12,0,50
BRDA:198,13,0,50
BRDA:207,14,0,53
BRDA:211,15,0,50
BRDA:213,16,0,46
BRDA:216,17,0,4
BRDA:218,18,0,2
BRDA:223,19,0,44
BRDA:225,20,0,3
BRDA:226,21,0,43
BRDA:230,22,0,6
BRDA:233,23,0,38
BRDA:239,24,0,37
BRDA:240,25,0,6
BRDA:242,26,0,32
BRDA:246,27,0,3
BRDA:247,28,0,23
BRDA:248,29,0,0
BRDA:249,30,0,31
BRDA:254,31,0,12
BRDA:255,32,0,0
BRDA:258,33,0,10
BRDA:259,34,0,10
BRDA:260,35,0,10
BRDA:265,36,0,8
BRDA:275,37,0,4
BRDA:275,38,0,8
BRDA:277,39,0,0
BRDA:285,40,0,50
BRDA:288,41,0,0
BRDA:293,42,0,71
BRDA:295,43,0,50
BRDA:297,44,0,21
BRDA:301,45,0,0
BRDA:302,46,0,0
BRDA:307,47,0,121
BRDA:308,48,0,62
BRDA:310,49,0,59
BRDA:313,50,0,0
BRDA:316,51,0,18
BRDA:324,52,0,50
BRDA:336,53,0,50
BRDA:338,54,0,0
BRDA:351,55,0,5
BRDA:353,56,0,4
BRDA:354,57,0,3
BRDA:356,58,0,1
BRDA:359,59,0,0
BRDA:360,60,0,0
BRF:61
BRH:49
end_of_record
TN:
SF:src/services/metadataHandlers/googleSearchMetadataHandler.ts
FN:4,matches
FN:17,enrich
FN:30,extractQuery
FN:40,hasSpecificTitle
FNF:4
FNH:4
FNDA:7,matches
FNDA:10,enrich
FNDA:10,extractQuery
FNDA:7,hasSpecificTitle
DA:3,1
DA:4,1
DA:5,7
DA:6,0
DA:7,0
DA:9,7
DA:10,2
DA:11,2
DA:13,5
DA:14,5
DA:15,7
DA:17,1
DA:18,10
DA:19,10
DA:20,3
DA:21,3
DA:23,10
DA:24,1
DA:25,1
DA:27,6
DA:28,10
DA:30,1
DA:31,10
DA:32,10
DA:33,3
DA:34,3
DA:36,7
DA:37,10
DA:38,10
DA:40,1
DA:41,7
DA:42,4
DA:43,4
DA:45,3
DA:46,7
DA:47,7
DA:48,1
LF:37
LH:35
BRDA:4,0,0,7
BRDA:5,1,0,0
BRDA:9,2,0,2
BRDA:11,3,0,5
BRDA:17,4,0,10
BRDA:19,5,0,3
BRDA:21,6,0,7
BRDA:23,7,0,1
BRDA:25,8,0,6
BRDA:30,9,0,10
BRDA:31,10,0,2
BRDA:32,11,0,3
BRDA:34,12,0,7
BRDA:37,13,0,0
BRDA:40,14,0,7
BRDA:41,15,0,4
BRDA:43,16,0,3
BRDA:46,17,0,2
BRF:18
BRH:16
end_of_record
TN:
SF:src/services/metadataHandlers/index.ts
FN:10,createDefaultMetadataHandlers
FNF:1
FNH:0
FNDA:0,createDefaultMetadataHandlers
DA:2,1
DA:3,1
DA:4,1
DA:5,1
DA:6,1
DA:10,1
DA:11,0
DA:12,0
DA:13,0
DA:14,0
DA:15,0
DA:16,0
DA:17,0
DA:18,0
LF:14
LH:6
BRF:0
BRH:0
end_of_record
TN:
SF:src/services/metadataHandlers/linkedinMetadataHandler.ts
FN:20,matches
FN:24,enrich
FN:56,cleanTitle
FN:156,removeLeadingHashtags
FN:169,isCommentCount
FNF:5
FNH:5
FNDA:5,matches
FNDA:13,enrich
FNDA:12,cleanTitle
FNDA:3,removeLeadingHashtags
FNDA:23,isCommentCount
DA:19,1
DA:20,1
DA:21,5
DA:22,5
DA:24,1
DA:25,13
DA:28,13
DA:29,1
DA:30,1
DA:32,12
DA:33,13
DA:34,10
DA:35,10
DA:38,13
DA:39,11
DA:40,11
DA:41,13
DA:56,1
DA:57,12
DA:58,12
DA:59,0
DA:60,0
DA:63,12
DA:65,12
DA:66,12
DA:69,12
DA:71,9
DA:72,9
DA:73,7
DA:74,7
DA:77,9
DA:78,15
DA:79,15
DA:81,15
DA:82,15
DA:84,8
DA:85,8
DA:87,8
DA:88,4
DA:89,4
DA:90,8
DA:91,8
DA:92,8
DA:93,8
DA:94,15
DA:95,6
DA:96,6
DA:97,15
DA:98,15
DA:101,9
DA:102,1
DA:103,2
DA:104,2
DA:105,0
DA:106,0
DA:107,0
DA:108,0
DA:109,0
DA:110,0
DA:111,2
DA:112,1
DA:113,9
DA:116,12
DA:117,3
DA:118,3
DA:119,1
DA:120,1
DA:123,1
DA:124,1
DA:125,0
DA:126,0
DA:127,1
DA:128,1
DA:129,1
DA:130,1
DA:131,3
DA:134,12
DA:135,2
DA:136,2
DA:137,2
DA:140,12
DA:141,8
DA:142,12
DA:143,1
DA:144,1
DA:145,1
DA:146,1
DA:149,0
DA:150,12
DA:156,1
DA:157,3
DA:160,3
DA:162,3
DA:163,3
DA:169,1
DA:170,23
DA:171,23
DA:172,1
LF:98
LH:87
BRDA:20,0,0,5
BRDA:24,1,0,13
BRDA:28,2,0,1
BRDA:30,3,0,12
BRDA:33,4,0,10
BRDA:35,5,0,12
BRDA:38,6,0,11
BRDA:56,7,0,12
BRDA:58,8,0,0
BRDA:69,9,0,9
BRDA:72,10,0,7
BRDA:77,11,0,15
BRDA:82,12,0,8
BRDA:87,13,0,4
BRDA:94,14,0,7
BRDA:94,15,0,6
BRDA:101,16,0,1
BRDA:102,17,0,2
BRDA:104,18,0,0
BRDA:116,19,0,3
BRDA:116,20,0,3
BRDA:118,21,0,1
BRDA:124,22,0,0
BRDA:134,23,0,3
BRDA:134,24,0,2
BRDA:136,25,0,1
BRDA:137,26,0,10
BRDA:140,27,0,9
BRDA:140,28,0,8
BRDA:142,29,0,2
BRDA:142,30,0,1
BRDA:146,31,0,0
BRDA:63,32,0,25
BRDA:156,33,0,3
BRDA:169,34,0,23
BRF:35
BRH:31
end_of_record
TN:
SF:src/services/metadataHandlers/metadataHandler.ts
FN:1,(empty-report)
FNF:1
FNH:1
FNDA:1,(empty-report)
LF:0
LH:0
BRDA:1,0,0,1
BRF:1
BRH:1
end_of_record
TN:
SF:src/services/metadataHandlers/redditMetadataHandler.ts
FN:23,matches
FN:27,enrich
FN:54,isGenericTitle
FN:67,fetchRedditMetadata
FN:134,safeRequest
FN:149,createJsonUrl
FNF:6
FNH:6
FNDA:4,matches
FNDA:12,enrich
FNDA:12,isGenericTitle
FNDA:11,fetchRedditMetadata
FNDA:10,safeRequest
FNDA:10,createJsonUrl
DA:22,1
DA:23,1
DA:24,4
DA:25,4
DA:27,1
DA:28,12
DA:30,12
DA:31,12
DA:33,12
DA:34,1
DA:35,1
DA:37,11
DA:38,12
DA:39,4
DA:40,4
DA:42,7
DA:43,7
DA:44,7
DA:46,7
DA:47,7
DA:48,7
DA:49,7
DA:50,7
DA:51,7
DA:52,12
DA:54,1
DA:55,12
DA:56,9
DA:57,9
DA:59,3
DA:60,3
DA:61,3
DA:62,2
DA:63,2
DA:65,12
DA:67,1
DA:68,11
DA:70,11
DA:71,1
DA:72,1
DA:74,10
DA:75,10
DA:76,10
DA:77,10
DA:78,10
DA:79,11
DA:80,2
DA:81,2
DA:83,8
DA:84,8
DA:85,11
DA:86,11
DA:87,0
DA:88,0
DA:90,11
DA:91,11
DA:92,11
DA:93,11
DA:94,3
DA:95,4
DA:96,1
DA:97,3
DA:99,11
DA:105,11
DA:106,11
DA:108,11
DA:111,7
DA:112,7
DA:114,7
DA:116,4
DA:117,4
DA:118,11
DA:119,0
DA:120,0
DA:121,0
DA:122,0
DA:124,7
DA:125,11
DA:126,11
DA:127,11
DA:128,11
DA:129,1
DA:130,1
DA:131,1
DA:132,11
DA:134,1
DA:135,10
DA:136,10
DA:137,10
DA:138,10
DA:139,10
DA:140,10
DA:141,10
DA:142,10
DA:143,10
DA:144,1
DA:145,1
DA:146,1
DA:147,10
DA:149,1
DA:150,10
DA:151,10
DA:152,1
DA:153,1
DA:154,10
DA:155,10
DA:156,1
LF:107
LH:101
BRDA:23,0,0,4
BRDA:27,1,0,12
BRDA:33,2,0,1
BRDA:33,3,0,1
BRDA:35,4,0,11
BRDA:38,5,0,4
BRDA:40,6,0,7
BRDA:54,7,0,12
BRDA:55,8,0,9
BRDA:57,9,0,3
BRDA:61,10,0,2
BRDA:62,11,0,2
BRDA:67,12,0,11
BRDA:70,13,0,1
BRDA:72,14,0,10
BRDA:79,15,0,9
BRDA:79,16,0,2
BRDA:81,17,0,8
BRDA:85,18,0,7
BRDA:86,19,0,0
BRDA:88,20,0,7
BRDA:90,21,0,0
BRDA:91,22,0,7
BRDA:91,23,0,0
BRDA:93,24,0,3
BRDA:94,25,0,4
BRDA:95,26,0,1
BRDA:96,27,0,3
BRDA:108,28,0,7
BRDA:108,29,0,7
BRDA:114,30,0,4
BRDA:118,31,0,0
BRDA:122,32,0,7
BRDA:125,33,0,0
BRDA:126,34,0,0
BRDA:128,35,0,1
BRDA:134,36,0,10
BRDA:143,37,0,1
BRDA:149,38,0,10
BRDA:151,39,0,1
BRF:40
BRH:34
end_of_record
TN:
SF:src/services/metadataHandlers/twitterMetadataHandler.ts
FN:14,matches
FN:18,enrich
FN:46,extractUsername
FN:51,isTweetUrl
FN:55,fetchTweetData
FN:77,safeRequest
FN:92,extractTweetTextFromHtml
FN:126,isGenericDescription
FNF:8
FNH:8
FNDA:7,matches
FNDA:34,enrich
FNDA:34,extractUsername
FNDA:33,isTweetUrl
FNDA:18,fetchTweetData
FNDA:18,safeRequest
FNDA:14,extractTweetTextFromHtml
FNDA:12,isGenericDescription
DA:13,1
DA:14,1
DA:15,7
DA:16,7
DA:18,1
DA:19,34
DA:21,34
DA:22,34
DA:23,1
DA:24,1
DA:27,33
DA:30,34
DA:31,18
DA:32,18
DA:33,11
DA:34,11
DA:35,10
DA:36,10
DA:37,11
DA:38,18
DA:41,34
DA:42,1
DA:43,1
DA:44,34
DA:46,1
DA:47,34
DA:48,34
DA:49,34
DA:51,1
DA:52,33
DA:53,33
DA:55,1
DA:56,18
DA:58,18
DA:59,18
DA:60,18
DA:62,18
DA:63,3
DA:64,3
DA:66,15
DA:69,15
DA:70,18
DA:71,18
DA:72,1
DA:73,1
DA:74,1
DA:75,18
DA:77,1
DA:78,18
DA:79,18
DA:80,18
DA:81,18
DA:82,18
DA:83,18
DA:84,18
DA:85,18
DA:86,18
DA:87,1
DA:88,1
DA:89,1
DA:90,18
DA:92,1
DA:93,14
DA:94,2
DA:95,2
DA:99,12
DA:100,14
DA:101,1
DA:102,1
DA:105,11
DA:108,11
DA:111,11
DA:112,11
DA:113,11
DA:114,11
DA:115,11
DA:116,11
DA:117,11
DA:118,11
DA:121,11
DA:123,14
DA:124,14
DA:126,1
DA:127,12
DA:128,12
DA:129,12
DA:130,12
DA:131,12
DA:132,11
DA:133,11
DA:134,11
DA:135,11
DA:136,11
DA:138,12
DA:139,1
LF:95
LH:95
BRDA:14,0,0,7
BRDA:18,1,0,34
BRDA:22,2,0,1
BRDA:24,3,0,33
BRDA:30,4,0,18
BRDA:32,5,0,11
BRDA:32,6,0,11
BRDA:34,7,0,10
BRDA:38,8,0,33
BRDA:41,9,0,12
BRDA:41,10,0,1
BRDA:46,11,0,34
BRDA:48,12,0,1
BRDA:51,13,0,33
BRDA:55,14,0,18
BRDA:62,15,0,17
BRDA:62,16,0,3
BRDA:64,17,0,15
BRDA:70,18,0,11
BRDA:70,19,0,3
BRDA:71,20,0,1
BRDA:77,21,0,18
BRDA:86,22,0,1
BRDA:92,23,0,14
BRDA:93,24,0,2
BRDA:95,25,0,12
BRDA:100,26,0,1
BRDA:102,27,0,11
BRDA:123,28,0,0
BRDA:126,29,0,12
BRDA:131,30,0,11
BRDA:132,31,0,11
BRDA:133,32,0,11
BRDA:134,33,0,11
BRDA:135,34,0,11
BRF:35
BRH:34
end_of_record
TN:
SF:src/services/metadataHandlers/wikipediaMetadataHandler.ts
FN:15,matches
FN:19,enrich
FNF:2
FNH:2
FNDA:5,matches
FNDA:11,enrich
DA:14,1
DA:15,1
DA:16,5
DA:17,5
DA:19,1
DA:20,11
DA:23,11
DA:26,11
DA:27,1
DA:28,1
DA:31,10
DA:32,11
DA:33,1
DA:34,1
DA:36,9
DA:38,9
DA:40,9
DA:41,9
DA:42,9
DA:43,9
DA:44,9
DA:45,9
DA:46,9
DA:47,9
DA:49,9
DA:50,9
DA:51,9
DA:52,9
DA:54,11
DA:55,1
DA:56,1
DA:58,7
DA:59,11
DA:61,11
DA:62,1
DA:63,1
DA:66,5
DA:67,5
DA:69,11
DA:70,0
DA:71,0
DA:74,11
DA:76,11
DA:78,5
DA:81,5
DA:82,5
DA:83,11
DA:84,2
DA:85,2
DA:86,11
DA:87,1
LF:51
LH:49
BRDA:15,0,0,5
BRDA:19,1,0,11
BRDA:26,2,0,1
BRDA:28,3,0,10
BRDA:32,4,0,1
BRDA:34,5,0,9
BRDA:54,6,0,1
BRDA:56,7,0,7
BRDA:59,8,0,6
BRDA:61,9,0,1
BRDA:63,10,0,5
BRDA:69,11,0,0
BRDA:71,12,0,5
BRDA:74,13,0,1
BRDA:76,14,0,5
BRDA:83,15,0,2
BRF:16
BRH:15
end_of_record
TN:
SF:src/types/obsidian-extended.ts
FN:1,(empty-report)
FNF:1
FNH:1
FNDA:1,(empty-report)
LF:0
LH:0
BRDA:1,0,0,1
BRF:1
BRH:1
end_of_record
TN:
SF:src/utils/LRUCache.ts
FN:39,LRUCache
FN:48,get
FN:69,set
FN:90,has
FN:99,delete
FN:106,clear
FN:116,get size
FN:124,getStats
FN:141,resetStats
FN:152,setMaxSize
FN:168,keys
FN:175,values
FNF:12
FNH:4
FNDA:70,LRUCache
FNDA:53,get
FNDA:50,set
FNDA:0,has
FNDA:0,delete
FNDA:3,clear
FNDA:0,get size
FNDA:0,getStats
FNDA:0,resetStats
FNDA:0,setMaxSize
FNDA:0,keys
FNDA:0,values
DA:26,1
DA:27,1
DA:31,1
DA:32,1
DA:33,1
DA:39,1
DA:40,70
DA:41,70
DA:48,1
DA:49,53
DA:51,53
DA:52,50
DA:53,50
DA:54,50
DA:57,3
DA:58,3
DA:59,3
DA:61,3
DA:62,53
DA:69,1
DA:71,50
DA:72,0
DA:73,50
DA:75,0
DA:76,0
DA:77,0
DA:78,0
DA:79,0
DA:80,0
DA:82,50
DA:83,50
DA:90,1
DA:91,0
DA:92,0
DA:99,1
DA:100,0
DA:101,0
DA:106,1
DA:107,3
DA:108,3
DA:109,3
DA:110,3
DA:111,3
DA:116,1
DA:117,0
DA:118,0
DA:124,1
DA:125,0
DA:126,0
DA:128,0
DA:129,0
DA:130,0
DA:131,0
DA:132,0
DA:133,0
DA:134,0
DA:135,0
DA:136,0
DA:141,1
DA:142,0
DA:143,0
DA:144,0
DA:145,0
DA:152,1
DA:153,0
DA:156,0
DA:157,0
DA:158,0
DA:159,0
DA:160,0
DA:161,0
DA:162,0
DA:163,0
DA:168,1
DA:169,0
DA:170,0
DA:175,1
DA:176,0
DA:177,0
DA:178,1
LF:80
LH:39
BRDA:39,0,0,70
BRDA:48,1,0,53
BRDA:51,2,0,50
BRDA:54,3,0,3
BRDA:69,4,0,50
BRDA:71,5,0,0
BRDA:73,6,0,0
BRDA:106,7,0,3
BRF:8
BRH:6
end_of_record
TN:
SF:src/utils/editorHelpers.ts
FN:8,getPrimarySelection
FN:19,normalizeRange
FN:26,comparePositions
FN:33,isRangeMatching
FNF:4
FNH:4
FNDA:3,getPrimarySelection
FNDA:6,normalizeRange
FNDA:11,comparePositions
FNDA:3,isRangeMatching
DA:8,1
DA:9,3
DA:10,3
DA:11,1
DA:12,1
DA:13,1
DA:15,2
DA:16,2
DA:17,2
DA:19,1
DA:20,6
DA:21,3
DA:22,3
DA:23,3
DA:24,3
DA:26,1
DA:27,11
DA:28,2
DA:29,2
DA:30,9
DA:31,9
DA:33,1
DA:34,3
DA:35,3
LF:24
LH:24
BRDA:8,0,0,3
BRDA:10,1,0,1
BRDA:13,2,0,2
BRDA:19,3,0,6
BRDA:20,4,0,3
BRDA:26,5,0,11
BRDA:27,6,0,2
BRDA:29,7,0,9
BRDA:33,8,0,3
BRF:9
BRH:9
end_of_record
TN:
SF:src/utils/logger.ts
FN:1,(empty-report)
FNF:1
FNH:1
FNDA:1,(empty-report)
DA:13,0
DA:15,0
DA:16,0
DA:17,0
DA:18,0
DA:19,0
DA:25,0
DA:27,0
DA:29,0
DA:30,0
DA:31,0
DA:32,0
DA:33,0
DA:34,0
DA:36,0
DA:37,0
DA:38,0
DA:40,0
DA:41,0
DA:42,0
DA:44,0
DA:45,0
DA:46,0
DA:47,0
DA:52,0
DA:53,0
DA:58,0
DA:59,0
DA:60,0
DA:61,0
DA:62,0
DA:67,0
DA:68,0
DA:69,0
DA:70,0
DA:71,0
DA:76,0
DA:77,0
DA:78,0
DA:79,0
DA:80,0
DA:85,0
DA:86,0
DA:87,0
DA:88,0
DA:89,0
DA:94,0
DA:95,0
DA:96,0
DA:101,0
DA:102,0
DA:103,0
DA:104,0
DA:109,0
DA:110,0
DA:111,0
LF:56
LH:0
BRDA:1,0,0,1
BRF:1
BRH:1
end_of_record
TN:
SF:src/utils/markdown.ts
FN:6,findMarkdownLinkRange
FNF:1
FNH:1
FNDA:28,findMarkdownLinkRange
DA:6,1
DA:7,28
DA:8,2
DA:9,2
DA:11,26
DA:12,28
DA:13,3
DA:14,3
DA:15,28
DA:16,0
DA:17,0
DA:18,28
DA:19,1
DA:20,1
DA:22,22
DA:23,28
DA:24,1
DA:25,1
DA:27,21
DA:28,28
DA:29,7
DA:30,7
DA:32,28
DA:33,1
DA:34,1
DA:36,20
DA:37,28
DA:38,124
DA:39,124
DA:40,20
DA:41,124
DA:42,17
DA:43,17
DA:44,17
DA:45,17
DA:46,17
DA:47,17
DA:48,17
DA:49,104
DA:50,1
DA:51,1
DA:52,124
DA:54,3
DA:55,3
LF:44
LH:42
BRDA:6,0,0,28
BRDA:7,1,0,2
BRDA:9,2,0,26
BRDA:12,3,0,3
BRDA:14,4,0,23
BRDA:15,5,0,0
BRDA:17,6,0,23
BRDA:18,7,0,6
BRDA:18,8,0,1
BRDA:20,9,0,22
BRDA:23,10,0,21
BRDA:23,11,0,1
BRDA:25,12,0,21
BRDA:28,13,0,7
BRDA:30,14,0,21
BRDA:32,15,0,1
BRDA:34,16,0,20
BRDA:37,17,0,124
BRDA:39,18,0,20
BRDA:41,19,0,104
BRDA:41,20,0,17
BRDA:49,21,0,87
BRDA:49,22,0,1
BRDA:52,23,0,3
BRF:24
BRH:23
end_of_record
TN:
SF:src/utils/performance.ts
FN:1,(empty-report)
FNF:1
FNH:1
FNDA:1,(empty-report)
DA:12,0
DA:14,0
DA:31,0
DA:33,0
DA:38,0
DA:39,0
DA:41,0
DA:42,0
DA:43,0
DA:44,0
DA:45,0
DA:46,0
DA:48,0
DA:49,0
DA:50,0
DA:52,0
DA:53,0
DA:54,0
DA:56,0
DA:57,0
DA:58,0
DA:60,0
DA:61,0
DA:63,0
DA:64,0
DA:65,0
DA:66,0
DA:67,0
DA:68,0
DA:69,0
DA:70,0
DA:71,0
DA:72,0
DA:73,0
DA:74,0
DA:75,0
DA:76,0
DA:77,0
DA:79,0
DA:80,0
DA:81,0
DA:83,0
DA:84,0
DA:85,0
DA:86,0
DA:87,0
DA:88,0
DA:89,0
DA:90,0
DA:91,0
DA:93,0
DA:94,0
DA:95,0
DA:96,0
DA:97,0
DA:98,0
DA:99,0
DA:100,0
DA:101,0
DA:102,0
DA:103,0
DA:104,0
DA:105,0
DA:106,0
DA:108,0
DA:109,0
DA:110,0
DA:111,0
DA:116,0
DA:120,0
DA:121,0
DA:122,0
DA:123,0
DA:128,0
DA:129,0
DA:130,0
DA:136,0
DA:137,0
DA:138,0
DA:139,0
DA:145,0
DA:146,0
DA:147,0
DA:148,0
DA:149,0
DA:150,0
DA:151,0
DA:159,0
DA:160,0
DA:161,0
DA:162,0
DA:163,0
DA:164,0
DA:165,0
DA:166,0
DA:167,0
DA:168,0
DA:169,0
DA:174,0
DA:175,0
DA:176,0
DA:177,0
DA:182,0
DA:183,0
DA:184,0
DA:185,0
DA:190,0
DA:191,0
DA:192,0
DA:197,0
DA:198,0
DA:199,0
DA:204,0
DA:205,0
DA:206,0
DA:207,0
DA:212,0
DA:213,0
DA:214,0
LF:119
LH:0
BRDA:1,0,0,1
BRF:1
BRH:1
end_of_record
TN:
SF:src/utils/stringReplace.ts
FN:7,applyReplacements
FNF:1
FNH:1
FNDA:17,applyReplacements
DA:7,1
DA:8,17
DA:9,1
DA:10,1
DA:12,16
DA:13,16
DA:14,17
DA:15,26
DA:16,26
DA:17,26
DA:19,16
DA:20,16
LF:12
LH:12
BRDA:7,0,0,17
BRDA:8,1,0,1
BRDA:10,2,0,16
BRDA:14,3,0,26
BRDA:17,4,0,16
BRDA:12,5,0,12
BRF:6
BRH:6
end_of_record
TN:
SF:src/utils/text.ts
FN:22,decodeEntity
FN:44,decodeHtmlEntities
FN:58,stripHtmlTags
FN:62,collapseWhitespace
FN:66,sanitizeTextContent
FNF:5
FNH:4
FNDA:0,decodeEntity
FNDA:150,decodeHtmlEntities
FNDA:130,stripHtmlTags
FNDA:131,collapseWhitespace
FNDA:127,sanitizeTextContent
DA:1,1
DA:2,1
DA:4,1
DA:5,1
DA:6,1
DA:7,1
DA:8,1
DA:9,1
DA:10,1
DA:11,1
DA:12,1
DA:13,1
DA:14,1
DA:15,1
DA:16,1
DA:17,1
DA:18,1
DA:19,1
DA:20,1
DA:22,0
DA:23,0
DA:24,0
DA:25,0
DA:27,0
DA:28,0
DA:29,0
DA:30,0
DA:31,0
DA:32,0
DA:33,0
DA:34,0
DA:35,0
DA:36,0
DA:37,0
DA:38,0
DA:40,0
DA:41,0
DA:42,0
DA:44,1
DA:45,150
DA:46,117
DA:47,117
DA:49,150
DA:50,33
DA:51,33
DA:52,33
DA:53,33
DA:55,0
DA:56,0
DA:58,1
DA:59,130
DA:60,130
DA:62,1
DA:63,131
DA:64,131
DA:66,1
DA:67,127
DA:68,5
DA:69,5
DA:71,122
DA:72,122
DA:73,122
DA:74,122
LF:63
LH:42
BRDA:44,0,0,150
BRDA:45,1,0,149
BRDA:45,2,0,117
BRDA:47,3,0,33
BRDA:49,4,0,33
BRDA:53,5,0,0
BRDA:58,6,0,130
BRDA:62,7,0,131
BRDA:66,8,0,127
BRDA:67,9,0,5
BRDA:69,10,0,122
BRF:11
BRH:10
end_of_record
TN:
SF:src/utils/url.ts
FN:6,extractSingleUrl
FN:28,looksLikeUrl
FN:40,extractUrlList
FNF:3
FNH:3
FNDA:18,extractSingleUrl
FNDA:26,looksLikeUrl
FNDA:23,extractUrlList
DA:1,1
DA:2,1
DA:4,1
DA:6,1
DA:7,18
DA:8,1
DA:9,1
DA:11,17
DA:12,18
DA:13,1
DA:14,1
DA:16,16
DA:17,18
DA:18,4
DA:19,4
DA:21,18
DA:22,8
DA:23,8
DA:25,4
DA:26,4
DA:28,1
DA:29,26
DA:30,26
DA:32,1
DA:40,1
DA:41,23
DA:42,2
DA:43,2
DA:45,21
DA:46,21
DA:47,21
DA:49,23
DA:50,28
DA:51,28
DA:53,28
DA:54,21
DA:55,21
DA:56,21
DA:57,2
DA:58,2
DA:59,21
DA:61,26
DA:62,26
DA:64,26
DA:65,28
DA:66,27
DA:67,27
DA:68,2
DA:69,2
DA:70,2
DA:71,27
DA:72,5
DA:73,5
DA:74,5
DA:75,5
DA:76,27
DA:77,4
DA:78,4
DA:79,16
DA:80,16
DA:82,26
DA:83,28
DA:84,4
DA:85,4
DA:87,22
DA:88,22
DA:90,22
DA:91,28
DA:92,14
DA:93,14
DA:95,28
DA:96,2
DA:97,28
DA:98,5
DA:99,5
DA:100,27
DA:101,0
DA:102,0
DA:103,27
DA:104,27
DA:105,5
DA:106,5
DA:107,5
DA:108,20
DA:109,15
DA:110,15
DA:112,22
DA:113,22
DA:114,22
DA:115,22
DA:116,22
DA:118,22
DA:119,22
DA:121,17
DA:122,23
DA:123,2
DA:124,2
DA:126,15
DA:127,15
LF:99
LH:97
BRDA:6,0,0,18
BRDA:7,1,0,1
BRDA:9,2,0,17
BRDA:12,3,0,1
BRDA:14,4,0,16
BRDA:17,5,0,4
BRDA:19,6,0,12
BRDA:21,7,0,8
BRDA:23,8,0,4
BRDA:28,9,0,26
BRDA:40,10,0,23
BRDA:41,11,0,2
BRDA:43,12,0,21
BRDA:49,13,0,28
BRDA:50,14,0,0
BRDA:53,15,0,21
BRDA:54,16,0,0
BRDA:55,17,0,5
BRDA:56,18,0,2
BRDA:56,19,0,2
BRDA:56,20,0,2
BRDA:56,21,0,2
BRDA:59,22,0,26
BRDA:65,23,0,27
BRDA:67,24,0,2
BRDA:70,25,0,25
BRDA:71,26,0,5
BRDA:75,27,0,20
BRDA:76,28,0,4
BRDA:78,29,0,16
BRDA:80,30,0,26
BRDA:83,31,0,21
BRDA:83,32,0,4
BRDA:85,33,0,22
BRDA:91,34,0,29
BRDA:91,35,0,14
BRDA:93,36,0,22
BRDA:95,37,0,15
BRDA:95,38,0,2
BRDA:97,39,0,20
BRDA:97,40,0,5
BRDA:99,41,0,32
BRDA:99,42,0,27
BRDA:100,43,0,0
BRDA:108,44,0,15
BRDA:110,45,0,22
BRDA:119,46,0,17
BRDA:122,47,0,2
BRDA:124,48,0,15
BRF:49
BRH:46
end_of_record
TN:
SF:src/utils/vault.ts
FN:3,collectMarkdownFiles
FN:19,listAllFolders
FN:26,collectFolders
FN:35,isMarkdown
FNF:4
FNH:4
FNDA:19,collectMarkdownFiles
FNDA:5,listAllFolders
FNDA:15,collectFolders
FNDA:11,isMarkdown
DA:1,1
DA:3,1
DA:4,19
DA:5,11
DA:6,11
DA:8,19
DA:9,7
DA:10,7
DA:11,11
DA:12,11
DA:13,7
DA:14,7
DA:16,1
DA:17,1
DA:19,1
DA:20,5
DA:21,5
DA:22,5
DA:23,5
DA:24,5
DA:26,15
DA:27,15
DA:28,15
DA:29,11
DA:30,10
DA:31,10
DA:32,11
DA:33,15
DA:35,11
DA:36,11
DA:37,11
LF:31
LH:31
BRDA:3,0,0,19
BRDA:4,1,0,11
BRDA:5,2,0,9
BRDA:5,3,0,2
BRDA:6,4,0,8
BRDA:8,5,0,7
BRDA:10,6,0,11
BRDA:14,7,0,1
BRDA:19,8,0,5
BRDA:26,9,0,15
BRDA:28,10,0,11
BRDA:29,11,0,10
BRDA:35,12,0,11
BRF:13
BRH:13
end_of_record
